[0.451s] Invoking command in '/root/Autonomous-Delivery-Robot-ROS2/src/command_nodes': PYTHONPATH=/root/Autonomous-Delivery-Robot-ROS2/build/command_nodes/prefix_override:/usr/lib/python3/dist-packages/colcon_core/task/python/colcon_distutils_commands:/root/Autonomous-Delivery-Robot-ROS2/install/command_nodes/lib/python3.10/site-packages:${PYTHONPATH} /usr/bin/python3 -W ignore:setup.py install is deprecated -W ignore:easy_install command is deprecated setup.py egg_info --egg-base ../../build/command_nodes build --build-base /root/Autonomous-Delivery-Robot-ROS2/build/command_nodes/build install --record /root/Autonomous-Delivery-Robot-ROS2/build/command_nodes/install.log --single-version-externally-managed install_data
[0.603s] running egg_info
[0.604s] writing ../../build/command_nodes/command_nodes.egg-info/PKG-INFO
[0.604s] writing dependency_links to ../../build/command_nodes/command_nodes.egg-info/dependency_links.txt
[0.604s] writing entry points to ../../build/command_nodes/command_nodes.egg-info/entry_points.txt
[0.604s] writing requirements to ../../build/command_nodes/command_nodes.egg-info/requires.txt
[0.605s] writing top-level names to ../../build/command_nodes/command_nodes.egg-info/top_level.txt
[0.606s] reading manifest file '../../build/command_nodes/command_nodes.egg-info/SOURCES.txt'
[0.607s] writing manifest file '../../build/command_nodes/command_nodes.egg-info/SOURCES.txt'
[0.607s] running build
[0.607s] running build_py
[0.607s] copying command_nodes/command_handler.py -> /root/Autonomous-Delivery-Robot-ROS2/build/command_nodes/build/lib/command_nodes
[0.608s] running install
[0.608s] running install_lib
[0.608s] copying /root/Autonomous-Delivery-Robot-ROS2/build/command_nodes/build/lib/command_nodes/command_handler.py -> /root/Autonomous-Delivery-Robot-ROS2/install/command_nodes/lib/python3.10/site-packages/command_nodes
[0.609s] byte-compiling /root/Autonomous-Delivery-Robot-ROS2/install/command_nodes/lib/python3.10/site-packages/command_nodes/command_handler.py to command_handler.cpython-310.pyc
[0.610s] running install_data
[0.610s]   File "/root/Autonomous-Delivery-Robot-ROS2/install/command_nodes/lib/python3.10/site-packages/command_nodes/command_handler.py", line 68
[0.610s]     !/usr/bin/env python4
[0.610s]     ^
[0.610s] SyntaxError: invalid syntax
[0.610s] 
[0.610s] copying package.xml -> /root/Autonomous-Delivery-Robot-ROS2/install/command_nodes/share/command_nodes
[0.610s] running install_egg_info
[0.612s] removing '/root/Autonomous-Delivery-Robot-ROS2/install/command_nodes/lib/python3.10/site-packages/command_nodes-0.0.0-py3.10.egg-info' (and everything under it)
[0.613s] Copying ../../build/command_nodes/command_nodes.egg-info to /root/Autonomous-Delivery-Robot-ROS2/install/command_nodes/lib/python3.10/site-packages/command_nodes-0.0.0-py3.10.egg-info
[0.614s] running install_scripts
[0.633s] Installing command_handler script to /root/Autonomous-Delivery-Robot-ROS2/install/command_nodes/lib/command_nodes
[0.633s] writing list of installed files to '/root/Autonomous-Delivery-Robot-ROS2/build/command_nodes/install.log'
[0.657s] Invoked command in '/root/Autonomous-Delivery-Robot-ROS2/src/command_nodes' returned '0': PYTHONPATH=/root/Autonomous-Delivery-Robot-ROS2/build/command_nodes/prefix_override:/usr/lib/python3/dist-packages/colcon_core/task/python/colcon_distutils_commands:/root/Autonomous-Delivery-Robot-ROS2/install/command_nodes/lib/python3.10/site-packages:${PYTHONPATH} /usr/bin/python3 -W ignore:setup.py install is deprecated -W ignore:easy_install command is deprecated setup.py egg_info --egg-base ../../build/command_nodes build --build-base /root/Autonomous-Delivery-Robot-ROS2/build/command_nodes/build install --record /root/Autonomous-Delivery-Robot-ROS2/build/command_nodes/install.log --single-version-externally-managed install_data
