[0.008s] Invoking command in '/root/Autonomous-Delivery-Robot-ROS2/build/delivery_interfaces': CMAKE_PREFIX_PATH=/opt/ros/humble /usr/bin/cmake /root/Autonomous-Delivery-Robot-ROS2/src/delivery_interfaces -DCMAKE_INSTALL_PREFIX=/root/Autonomous-Delivery-Robot-ROS2/install/delivery_interfaces
[0.069s] -- Found ament_cmake: 1.3.12 (/opt/ros/humble/share/ament_cmake/cmake)
[0.173s] -- Override CMake install command with custom implementation using symlinks instead of copying resources
[0.184s] -- Found ament_lint_auto: 0.12.14 (/opt/ros/humble/share/ament_lint_auto/cmake)
[0.246s] -- Added test 'lint_cmake' to check CMake code style
[0.247s] -- Added test 'xmllint' to check XML markup files
[0.248s] -- Configuring done
[0.252s] -- Generating done
[0.255s] -- Build files have been written to: /root/Autonomous-Delivery-Robot-ROS2/build/delivery_interfaces
[0.258s] Invoked command in '/root/Autonomous-Delivery-Robot-ROS2/build/delivery_interfaces' returned '0': CMAKE_PREFIX_PATH=/opt/ros/humble /usr/bin/cmake /root/Autonomous-Delivery-Robot-ROS2/src/delivery_interfaces -DCMAKE_INSTALL_PREFIX=/root/Autonomous-Delivery-Robot-ROS2/install/delivery_interfaces
[0.260s] Invoking command in '/root/Autonomous-Delivery-Robot-ROS2/build/delivery_interfaces': CMAKE_PREFIX_PATH=/opt/ros/humble /usr/bin/cmake --build /root/Autonomous-Delivery-Robot-ROS2/build/delivery_interfaces -- -j12 -l12
[0.302s] Invoked command in '/root/Autonomous-Delivery-Robot-ROS2/build/delivery_interfaces' returned '0': CMAKE_PREFIX_PATH=/opt/ros/humble /usr/bin/cmake --build /root/Autonomous-Delivery-Robot-ROS2/build/delivery_interfaces -- -j12 -l12
[0.312s] Invoking command in '/root/Autonomous-Delivery-Robot-ROS2/build/delivery_interfaces': CMAKE_PREFIX_PATH=/opt/ros/humble /usr/bin/cmake --install /root/Autonomous-Delivery-Robot-ROS2/build/delivery_interfaces
[0.322s] -- Install configuration: ""
[0.323s] -- Execute custom install script
[0.323s] -- Up-to-date symlink: /root/Autonomous-Delivery-Robot-ROS2/install/delivery_interfaces/share/ament_index/resource_index/package_run_dependencies/delivery_interfaces
[0.323s] -- Up-to-date symlink: /root/Autonomous-Delivery-Robot-ROS2/install/delivery_interfaces/share/ament_index/resource_index/parent_prefix_path/delivery_interfaces
[0.323s] -- Up-to-date symlink: /root/Autonomous-Delivery-Robot-ROS2/install/delivery_interfaces/share/delivery_interfaces/environment/ament_prefix_path.sh
[0.324s] -- Up-to-date symlink: /root/Autonomous-Delivery-Robot-ROS2/install/delivery_interfaces/share/delivery_interfaces/environment/ament_prefix_path.dsv
[0.324s] -- Up-to-date symlink: /root/Autonomous-Delivery-Robot-ROS2/install/delivery_interfaces/share/delivery_interfaces/environment/path.sh
[0.324s] -- Up-to-date symlink: /root/Autonomous-Delivery-Robot-ROS2/install/delivery_interfaces/share/delivery_interfaces/environment/path.dsv
[0.324s] -- Up-to-date symlink: /root/Autonomous-Delivery-Robot-ROS2/install/delivery_interfaces/share/delivery_interfaces/local_setup.bash
[0.324s] -- Up-to-date symlink: /root/Autonomous-Delivery-Robot-ROS2/install/delivery_interfaces/share/delivery_interfaces/local_setup.sh
[0.324s] -- Up-to-date symlink: /root/Autonomous-Delivery-Robot-ROS2/install/delivery_interfaces/share/delivery_interfaces/local_setup.zsh
[0.324s] -- Up-to-date symlink: /root/Autonomous-Delivery-Robot-ROS2/install/delivery_interfaces/share/delivery_interfaces/local_setup.dsv
[0.325s] -- Symlinking: /root/Autonomous-Delivery-Robot-ROS2/install/delivery_interfaces/share/delivery_interfaces/package.dsv
[0.333s] -- Up-to-date symlink: /root/Autonomous-Delivery-Robot-ROS2/install/delivery_interfaces/share/ament_index/resource_index/packages/delivery_interfaces
[0.334s] -- Up-to-date symlink: /root/Autonomous-Delivery-Robot-ROS2/install/delivery_interfaces/share/delivery_interfaces/cmake/delivery_interfacesConfig.cmake
[0.334s] -- Up-to-date symlink: /root/Autonomous-Delivery-Robot-ROS2/install/delivery_interfaces/share/delivery_interfaces/cmake/delivery_interfacesConfig-version.cmake
[0.334s] -- Up-to-date symlink: /root/Autonomous-Delivery-Robot-ROS2/install/delivery_interfaces/share/delivery_interfaces/package.xml
[0.337s] Invoked command in '/root/Autonomous-Delivery-Robot-ROS2/build/delivery_interfaces' returned '0': CMAKE_PREFIX_PATH=/opt/ros/humble /usr/bin/cmake --install /root/Autonomous-Delivery-Robot-ROS2/build/delivery_interfaces
