-- The CXX compiler identification is GNU 11.4.0
-- Detecting CXX compiler ABI info
-- Detecting CXX compiler ABI info - done
-- Check for working CXX compiler: /usr/bin/c++ - skipped
-- Detecting CXX compile features
-- Detecting CXX compile features - done
-- Found ament_cmake: 1.3.12 (/opt/ros/humble/share/ament_cmake/cmake)
-- Found Python3: /usr/bin/python3 (found version "3.10.12") found components: Interpreter 
-- Override CMake install command with custom implementation using symlinks instead of copying resources
-- Found ament_lint_auto: 0.12.14 (/opt/ros/humble/share/ament_lint_auto/cmake)
-- Added test 'lint_cmake' to check CMake code style
-- Added test 'xmllint' to check XML markup files
-- Configuring done
-- Generating done
-- Build files have been written to: /root/Autonomous-Delivery-Robot-ROS2/build/delivery_interfaces
-- Install configuration: ""
-- Execute custom install script
-- Symlinking: /root/Autonomous-Delivery-Robot-ROS2/install/delivery_interfaces/share/ament_index/resource_index/package_run_dependencies/delivery_interfaces
-- Symlinking: /root/Autonomous-Delivery-Robot-ROS2/install/delivery_interfaces/share/ament_index/resource_index/parent_prefix_path/delivery_interfaces
-- Symlinking: /root/Autonomous-Delivery-Robot-ROS2/install/delivery_interfaces/share/delivery_interfaces/environment/ament_prefix_path.sh
-- Symlinking: /root/Autonomous-Delivery-Robot-ROS2/install/delivery_interfaces/share/delivery_interfaces/environment/ament_prefix_path.dsv
-- Symlinking: /root/Autonomous-Delivery-Robot-ROS2/install/delivery_interfaces/share/delivery_interfaces/environment/path.sh
-- Symlinking: /root/Autonomous-Delivery-Robot-ROS2/install/delivery_interfaces/share/delivery_interfaces/environment/path.dsv
-- Symlinking: /root/Autonomous-Delivery-Robot-ROS2/install/delivery_interfaces/share/delivery_interfaces/local_setup.bash
-- Symlinking: /root/Autonomous-Delivery-Robot-ROS2/install/delivery_interfaces/share/delivery_interfaces/local_setup.sh
-- Symlinking: /root/Autonomous-Delivery-Robot-ROS2/install/delivery_interfaces/share/delivery_interfaces/local_setup.zsh
-- Symlinking: /root/Autonomous-Delivery-Robot-ROS2/install/delivery_interfaces/share/delivery_interfaces/local_setup.dsv
-- Symlinking: /root/Autonomous-Delivery-Robot-ROS2/install/delivery_interfaces/share/delivery_interfaces/package.dsv
-- Symlinking: /root/Autonomous-Delivery-Robot-ROS2/install/delivery_interfaces/share/ament_index/resource_index/packages/delivery_interfaces
-- Symlinking: /root/Autonomous-Delivery-Robot-ROS2/install/delivery_interfaces/share/delivery_interfaces/cmake/delivery_interfacesConfig.cmake
-- Symlinking: /root/Autonomous-Delivery-Robot-ROS2/install/delivery_interfaces/share/delivery_interfaces/cmake/delivery_interfacesConfig-version.cmake
-- Symlinking: /root/Autonomous-Delivery-Robot-ROS2/install/delivery_interfaces/share/delivery_interfaces/package.xml
