[0.009s] Invoking command in '/root/Autonomous-Delivery-Robot-ROS2/build/delivery_interfaces': CMAKE_PREFIX_PATH=/opt/ros/humble /usr/bin/cmake /root/Autonomous-Delivery-Robot-ROS2/src/delivery_interfaces -DAMENT_CMAKE_SYMLINK_INSTALL=1 -DCMAKE_INSTALL_PREFIX=/root/Autonomous-Delivery-Robot-ROS2/install/delivery_interfaces
[0.063s] -- The CXX compiler identification is GNU 11.4.0
[0.071s] -- Detecting CXX compiler ABI info
[0.146s] -- Detecting CXX compiler ABI info - done
[0.152s] -- Check for working CXX compiler: /usr/bin/c++ - skipped
[0.153s] -- Detecting CXX compile features
[0.153s] -- Detecting CXX compile features - done
[0.156s] -- Found ament_cmake: 1.3.12 (/opt/ros/humble/share/ament_cmake/cmake)
[0.266s] -- Found Python3: /usr/bin/python3 (found version "3.10.12") found components: Interpreter 
[0.324s] -- Override CMake install command with custom implementation using symlinks instead of copying resources
[0.342s] -- Found ament_lint_auto: 0.12.14 (/opt/ros/humble/share/ament_lint_auto/cmake)
[0.412s] -- Added test 'lint_cmake' to check CMake code style
[0.413s] -- Added test 'xmllint' to check XML markup files
[0.414s] -- Configuring done
[0.419s] -- Generating done
[0.421s] -- Build files have been written to: /root/Autonomous-Delivery-Robot-ROS2/build/delivery_interfaces
[0.424s] Invoked command in '/root/Autonomous-Delivery-Robot-ROS2/build/delivery_interfaces' returned '0': CMAKE_PREFIX_PATH=/opt/ros/humble /usr/bin/cmake /root/Autonomous-Delivery-Robot-ROS2/src/delivery_interfaces -DAMENT_CMAKE_SYMLINK_INSTALL=1 -DCMAKE_INSTALL_PREFIX=/root/Autonomous-Delivery-Robot-ROS2/install/delivery_interfaces
[0.426s] Invoking command in '/root/Autonomous-Delivery-Robot-ROS2/build/delivery_interfaces': CMAKE_PREFIX_PATH=/opt/ros/humble /usr/bin/cmake --build /root/Autonomous-Delivery-Robot-ROS2/build/delivery_interfaces -- -j12 -l12
[0.459s] Invoked command in '/root/Autonomous-Delivery-Robot-ROS2/build/delivery_interfaces' returned '0': CMAKE_PREFIX_PATH=/opt/ros/humble /usr/bin/cmake --build /root/Autonomous-Delivery-Robot-ROS2/build/delivery_interfaces -- -j12 -l12
[0.468s] Invoking command in '/root/Autonomous-Delivery-Robot-ROS2/build/delivery_interfaces': CMAKE_PREFIX_PATH=/opt/ros/humble /usr/bin/cmake --install /root/Autonomous-Delivery-Robot-ROS2/build/delivery_interfaces
[0.474s] -- Install configuration: ""
[0.474s] -- Execute custom install script
[0.475s] -- Symlinking: /root/Autonomous-Delivery-Robot-ROS2/install/delivery_interfaces/share/ament_index/resource_index/package_run_dependencies/delivery_interfaces
[0.482s] -- Symlinking: /root/Autonomous-Delivery-Robot-ROS2/install/delivery_interfaces/share/ament_index/resource_index/parent_prefix_path/delivery_interfaces
[0.490s] -- Symlinking: /root/Autonomous-Delivery-Robot-ROS2/install/delivery_interfaces/share/delivery_interfaces/environment/ament_prefix_path.sh
[0.498s] -- Symlinking: /root/Autonomous-Delivery-Robot-ROS2/install/delivery_interfaces/share/delivery_interfaces/environment/ament_prefix_path.dsv
[0.505s] -- Symlinking: /root/Autonomous-Delivery-Robot-ROS2/install/delivery_interfaces/share/delivery_interfaces/environment/path.sh
[0.514s] -- Symlinking: /root/Autonomous-Delivery-Robot-ROS2/install/delivery_interfaces/share/delivery_interfaces/environment/path.dsv
[0.522s] -- Symlinking: /root/Autonomous-Delivery-Robot-ROS2/install/delivery_interfaces/share/delivery_interfaces/local_setup.bash
[0.529s] -- Symlinking: /root/Autonomous-Delivery-Robot-ROS2/install/delivery_interfaces/share/delivery_interfaces/local_setup.sh
[0.536s] -- Symlinking: /root/Autonomous-Delivery-Robot-ROS2/install/delivery_interfaces/share/delivery_interfaces/local_setup.zsh
[0.543s] -- Symlinking: /root/Autonomous-Delivery-Robot-ROS2/install/delivery_interfaces/share/delivery_interfaces/local_setup.dsv
[0.551s] -- Symlinking: /root/Autonomous-Delivery-Robot-ROS2/install/delivery_interfaces/share/delivery_interfaces/package.dsv
[0.559s] -- Symlinking: /root/Autonomous-Delivery-Robot-ROS2/install/delivery_interfaces/share/ament_index/resource_index/packages/delivery_interfaces
[0.567s] -- Symlinking: /root/Autonomous-Delivery-Robot-ROS2/install/delivery_interfaces/share/delivery_interfaces/cmake/delivery_interfacesConfig.cmake
[0.575s] -- Symlinking: /root/Autonomous-Delivery-Robot-ROS2/install/delivery_interfaces/share/delivery_interfaces/cmake/delivery_interfacesConfig-version.cmake
[0.584s] -- Symlinking: /root/Autonomous-Delivery-Robot-ROS2/install/delivery_interfaces/share/delivery_interfaces/package.xml
[0.593s] Invoked command in '/root/Autonomous-Delivery-Robot-ROS2/build/delivery_interfaces' returned '0': CMAKE_PREFIX_PATH=/opt/ros/humble /usr/bin/cmake --install /root/Autonomous-Delivery-Robot-ROS2/build/delivery_interfaces
