-- Found ament_cmake: 1.3.12 (/opt/ros/humble/share/ament_cmake/cmake)
-- Found rosidl_default_generators: 1.2.0 (/opt/ros/humble/share/rosidl_default_generators/cmake)
-- Using all available rosidl_typesupport_c: rosidl_typesupport_fastrtps_c;rosidl_typesupport_introspection_c
-- Found rosidl_adapter: 3.1.7 (/opt/ros/humble/share/rosidl_adapter/cmake)
-- Using all available rosidl_typesupport_cpp: rosidl_typesupport_fastrtps_cpp;rosidl_typesupport_introspection_cpp
-- Found ament_cmake_ros: 0.10.0 (/opt/ros/humble/share/ament_cmake_ros/cmake)
-- Using all available rosidl_typesupport_c: rosidl_typesupport_fastrtps_c;rosidl_typesupport_introspection_c
-- Using all available rosidl_typesupport_cpp: rosidl_typesupport_fastrtps_cpp;rosidl_typesupport_introspection_cpp
-- Found PythonInterp: /usr/bin/python3 (found suitable version "3.10.12", minimum required is "3.6") 
-- Found python_cmake_module: 0.10.0 (/opt/ros/humble/share/python_cmake_module/cmake)
-- Found PythonLibs: /usr/lib/x86_64-linux-gnu/libpython3.10.so (found suitable version "3.10.12", minimum required is "3.5") 
-- Using PYTHON_EXECUTABLE: /usr/bin/python3
-- Using PYTHON_INCLUDE_DIRS: /usr/include/python3.10
-- Using PYTHON_LIBRARIES: /usr/lib/x86_64-linux-gnu/libpython3.10.so
-- Found PythonExtra: .so  
-- Found ament_lint_auto: 0.12.14 (/opt/ros/humble/share/ament_lint_auto/cmake)
-- Added test 'lint_cmake' to check CMake code style
-- Added test 'xmllint' to check XML markup files
-- Configuring done
-- Generating done
-- Build files have been written to: /root/Autonomous-Delivery-Robot-ROS2/build/robot_interfaces
[  2%] [34m[1mGenerating C code for ROS interfaces[0m
[  4%] [34m[1mGenerating C++ code for ROS interfaces[0m
[  4%] Built target ament_cmake_python_copy_robot_interfaces
running egg_info
creating robot_interfaces.egg-info
writing robot_interfaces.egg-info/PKG-INFO
writing dependency_links to robot_interfaces.egg-info/dependency_links.txt
writing top-level names to robot_interfaces.egg-info/top_level.txt
writing manifest file 'robot_interfaces.egg-info/SOURCES.txt'
reading manifest file 'robot_interfaces.egg-info/SOURCES.txt'
writing manifest file 'robot_interfaces.egg-info/SOURCES.txt'
[  4%] Built target ament_cmake_python_build_robot_interfaces_egg
[  4%] Built target robot_interfaces__cpp
[  8%] [34m[1mGenerating C++ type support for eProsima Fast-RTPS[0m
[  8%] [34m[1mGenerating C++ type support dispatch for ROS interfaces[0m
[ 10%] [34m[1mGenerating C++ introspection for ROS interfaces[0m
[ 14%] [32mBuilding C object CMakeFiles/robot_interfaces__rosidl_generator_c.dir/rosidl_generator_c/robot_interfaces/srv/detail/get_robot_info__functions.c.o[0m
[ 17%] [32mBuilding C object CMakeFiles/robot_interfaces__rosidl_generator_c.dir/rosidl_generator_c/robot_interfaces/srv/detail/emergency_stop__functions.c.o[0m
[ 17%] [32mBuilding C object CMakeFiles/robot_interfaces__rosidl_generator_c.dir/rosidl_generator_c/robot_interfaces/srv/detail/system_diagnostic__functions.c.o[0m
[ 19%] [32m[1mLinking C shared library librobot_interfaces__rosidl_generator_c.so[0m
[ 19%] Built target robot_interfaces__rosidl_generator_c
[ 23%] [34m[1mGenerating C type support for eProsima Fast-RTPS[0m
[ 25%] [34m[1mGenerating C type support dispatch for ROS interfaces[0m
[ 25%] [34m[1mGenerating C introspection for ROS interfaces[0m
[ 27%] [32mBuilding CXX object CMakeFiles/robot_interfaces__rosidl_typesupport_cpp.dir/rosidl_typesupport_cpp/robot_interfaces/srv/emergency_stop__type_support.cpp.o[0m
[ 29%] [32mBuilding CXX object CMakeFiles/robot_interfaces__rosidl_typesupport_cpp.dir/rosidl_typesupport_cpp/robot_interfaces/srv/system_diagnostic__type_support.cpp.o[0m
[ 31%] [32mBuilding CXX object CMakeFiles/robot_interfaces__rosidl_typesupport_cpp.dir/rosidl_typesupport_cpp/robot_interfaces/srv/get_robot_info__type_support.cpp.o[0m
[ 36%] [32mBuilding CXX object CMakeFiles/robot_interfaces__rosidl_typesupport_introspection_cpp.dir/rosidl_typesupport_introspection_cpp/robot_interfaces/srv/detail/get_robot_info__type_support.cpp.o[0m
[ 36%] [32mBuilding CXX object CMakeFiles/robot_interfaces__rosidl_typesupport_introspection_cpp.dir/rosidl_typesupport_introspection_cpp/robot_interfaces/srv/detail/emergency_stop__type_support.cpp.o[0m
[ 38%] [32mBuilding CXX object CMakeFiles/robot_interfaces__rosidl_typesupport_introspection_cpp.dir/rosidl_typesupport_introspection_cpp/robot_interfaces/srv/detail/system_diagnostic__type_support.cpp.o[0m
[ 40%] [32mBuilding CXX object CMakeFiles/robot_interfaces__rosidl_typesupport_fastrtps_cpp.dir/rosidl_typesupport_fastrtps_cpp/robot_interfaces/srv/detail/dds_fastrtps/emergency_stop__type_support.cpp.o[0m
[ 42%] [32mBuilding CXX object CMakeFiles/robot_interfaces__rosidl_typesupport_fastrtps_cpp.dir/rosidl_typesupport_fastrtps_cpp/robot_interfaces/srv/detail/dds_fastrtps/system_diagnostic__type_support.cpp.o[0m
[ 44%] [32mBuilding CXX object CMakeFiles/robot_interfaces__rosidl_typesupport_fastrtps_cpp.dir/rosidl_typesupport_fastrtps_cpp/robot_interfaces/srv/detail/dds_fastrtps/get_robot_info__type_support.cpp.o[0m
[ 46%] [32mBuilding CXX object CMakeFiles/robot_interfaces__rosidl_typesupport_c.dir/rosidl_typesupport_c/robot_interfaces/srv/emergency_stop__type_support.cpp.o[0m
[ 48%] [32mBuilding CXX object CMakeFiles/robot_interfaces__rosidl_typesupport_c.dir/rosidl_typesupport_c/robot_interfaces/srv/system_diagnostic__type_support.cpp.o[0m
[ 51%] [32mBuilding CXX object CMakeFiles/robot_interfaces__rosidl_typesupport_c.dir/rosidl_typesupport_c/robot_interfaces/srv/get_robot_info__type_support.cpp.o[0m
[ 53%] [32m[1mLinking CXX shared library librobot_interfaces__rosidl_typesupport_c.so[0m
[ 55%] [32mBuilding C object CMakeFiles/robot_interfaces__rosidl_typesupport_introspection_c.dir/rosidl_typesupport_introspection_c/robot_interfaces/srv/detail/emergency_stop__type_support.c.o[0m
[ 57%] [32mBuilding CXX object CMakeFiles/robot_interfaces__rosidl_typesupport_fastrtps_c.dir/rosidl_typesupport_fastrtps_c/robot_interfaces/srv/detail/emergency_stop__type_support_c.cpp.o[0m
[ 59%] [32mBuilding C object CMakeFiles/robot_interfaces__rosidl_typesupport_introspection_c.dir/rosidl_typesupport_introspection_c/robot_interfaces/srv/detail/system_diagnostic__type_support.c.o[0m
[ 59%] Built target robot_interfaces__rosidl_typesupport_c
[ 63%] [32mBuilding C object CMakeFiles/robot_interfaces__rosidl_typesupport_introspection_c.dir/rosidl_typesupport_introspection_c/robot_interfaces/srv/detail/get_robot_info__type_support.c.o[0m
[ 63%] [32mBuilding CXX object CMakeFiles/robot_interfaces__rosidl_typesupport_fastrtps_c.dir/rosidl_typesupport_fastrtps_c/robot_interfaces/srv/detail/system_diagnostic__type_support_c.cpp.o[0m
[ 65%] [32mBuilding CXX object CMakeFiles/robot_interfaces__rosidl_typesupport_fastrtps_c.dir/rosidl_typesupport_fastrtps_c/robot_interfaces/srv/detail/get_robot_info__type_support_c.cpp.o[0m
[ 68%] [32m[1mLinking CXX shared library librobot_interfaces__rosidl_typesupport_cpp.so[0m
[ 70%] [32m[1mLinking C shared library librobot_interfaces__rosidl_typesupport_introspection_c.so[0m
[ 70%] Built target robot_interfaces__rosidl_typesupport_cpp
[ 70%] Built target robot_interfaces__rosidl_typesupport_introspection_c
[ 72%] [32m[1mLinking CXX shared library librobot_interfaces__rosidl_typesupport_introspection_cpp.so[0m
[ 72%] Built target robot_interfaces__rosidl_typesupport_introspection_cpp
[ 74%] [32m[1mLinking CXX shared library librobot_interfaces__rosidl_typesupport_fastrtps_cpp.so[0m
[ 74%] Built target robot_interfaces__rosidl_typesupport_fastrtps_cpp
[ 76%] [32m[1mLinking CXX shared library librobot_interfaces__rosidl_typesupport_fastrtps_c.so[0m
[ 76%] Built target robot_interfaces__rosidl_typesupport_fastrtps_c
[ 76%] Built target robot_interfaces
[ 78%] [34m[1mGenerating Python code for ROS interfaces[0m
[ 78%] Built target robot_interfaces__py
[ 82%] [32mBuilding C object CMakeFiles/robot_interfaces__rosidl_generator_py.dir/rosidl_generator_py/robot_interfaces/srv/_emergency_stop_s.c.o[0m
[ 82%] [32mBuilding C object CMakeFiles/robot_interfaces__rosidl_generator_py.dir/rosidl_generator_py/robot_interfaces/srv/_get_robot_info_s.c.o[0m
[ 85%] [32mBuilding C object CMakeFiles/robot_interfaces__rosidl_generator_py.dir/rosidl_generator_py/robot_interfaces/srv/_system_diagnostic_s.c.o[0m
[ 87%] [32m[1mLinking C shared library rosidl_generator_py/robot_interfaces/librobot_interfaces__rosidl_generator_py.so[0m
[ 87%] Built target robot_interfaces__rosidl_generator_py
[ 91%] [32mBuilding C object CMakeFiles/robot_interfaces__rosidl_typesupport_c__pyext.dir/rosidl_generator_py/robot_interfaces/_robot_interfaces_s.ep.rosidl_typesupport_c.c.o[0m
[ 91%] [32mBuilding C object CMakeFiles/robot_interfaces__rosidl_typesupport_fastrtps_c__pyext.dir/rosidl_generator_py/robot_interfaces/_robot_interfaces_s.ep.rosidl_typesupport_fastrtps_c.c.o[0m
[ 93%] [32mBuilding C object CMakeFiles/robot_interfaces__rosidl_typesupport_introspection_c__pyext.dir/rosidl_generator_py/robot_interfaces/_robot_interfaces_s.ep.rosidl_typesupport_introspection_c.c.o[0m
[ 97%] [32m[1mLinking C shared library rosidl_generator_py/robot_interfaces/robot_interfaces_s__rosidl_typesupport_introspection_c.cpython-310-x86_64-linux-gnu.so[0m
[ 97%] [32m[1mLinking C shared library rosidl_generator_py/robot_interfaces/robot_interfaces_s__rosidl_typesupport_c.cpython-310-x86_64-linux-gnu.so[0m
[100%] [32m[1mLinking C shared library rosidl_generator_py/robot_interfaces/robot_interfaces_s__rosidl_typesupport_fastrtps_c.cpython-310-x86_64-linux-gnu.so[0m
[100%] Built target robot_interfaces__rosidl_typesupport_introspection_c__pyext
[100%] Built target robot_interfaces__rosidl_typesupport_c__pyext
[100%] Built target robot_interfaces__rosidl_typesupport_fastrtps_c__pyext
-- Install configuration: ""
-- Installing: /root/Autonomous-Delivery-Robot-ROS2/install/robot_interfaces/share/ament_index/resource_index/rosidl_interfaces/robot_interfaces
-- Installing: /root/Autonomous-Delivery-Robot-ROS2/install/robot_interfaces/include/robot_interfaces/robot_interfaces
-- Installing: /root/Autonomous-Delivery-Robot-ROS2/install/robot_interfaces/include/robot_interfaces/robot_interfaces/msg
-- Installing: /root/Autonomous-Delivery-Robot-ROS2/install/robot_interfaces/include/robot_interfaces/robot_interfaces/msg/rosidl_generator_c__visibility_control.h
-- Installing: /root/Autonomous-Delivery-Robot-ROS2/install/robot_interfaces/include/robot_interfaces/robot_interfaces/srv
-- Installing: /root/Autonomous-Delivery-Robot-ROS2/install/robot_interfaces/include/robot_interfaces/robot_interfaces/srv/emergency_stop.h
-- Installing: /root/Autonomous-Delivery-Robot-ROS2/install/robot_interfaces/include/robot_interfaces/robot_interfaces/srv/detail
-- Installing: /root/Autonomous-Delivery-Robot-ROS2/install/robot_interfaces/include/robot_interfaces/robot_interfaces/srv/detail/emergency_stop__functions.c
-- Installing: /root/Autonomous-Delivery-Robot-ROS2/install/robot_interfaces/include/robot_interfaces/robot_interfaces/srv/detail/emergency_stop__functions.h
-- Installing: /root/Autonomous-Delivery-Robot-ROS2/install/robot_interfaces/include/robot_interfaces/robot_interfaces/srv/detail/emergency_stop__struct.h
-- Installing: /root/Autonomous-Delivery-Robot-ROS2/install/robot_interfaces/include/robot_interfaces/robot_interfaces/srv/detail/emergency_stop__type_support.h
-- Installing: /root/Autonomous-Delivery-Robot-ROS2/install/robot_interfaces/include/robot_interfaces/robot_interfaces/srv/detail/system_diagnostic__functions.c
-- Installing: /root/Autonomous-Delivery-Robot-ROS2/install/robot_interfaces/include/robot_interfaces/robot_interfaces/srv/detail/system_diagnostic__functions.h
-- Installing: /root/Autonomous-Delivery-Robot-ROS2/install/robot_interfaces/include/robot_interfaces/robot_interfaces/srv/detail/system_diagnostic__struct.h
-- Installing: /root/Autonomous-Delivery-Robot-ROS2/install/robot_interfaces/include/robot_interfaces/robot_interfaces/srv/detail/system_diagnostic__type_support.h
-- Installing: /root/Autonomous-Delivery-Robot-ROS2/install/robot_interfaces/include/robot_interfaces/robot_interfaces/srv/detail/get_robot_info__functions.c
-- Installing: /root/Autonomous-Delivery-Robot-ROS2/install/robot_interfaces/include/robot_interfaces/robot_interfaces/srv/detail/get_robot_info__functions.h
-- Installing: /root/Autonomous-Delivery-Robot-ROS2/install/robot_interfaces/include/robot_interfaces/robot_interfaces/srv/detail/get_robot_info__struct.h
-- Installing: /root/Autonomous-Delivery-Robot-ROS2/install/robot_interfaces/include/robot_interfaces/robot_interfaces/srv/detail/get_robot_info__type_support.h
-- Installing: /root/Autonomous-Delivery-Robot-ROS2/install/robot_interfaces/include/robot_interfaces/robot_interfaces/srv/system_diagnostic.h
-- Installing: /root/Autonomous-Delivery-Robot-ROS2/install/robot_interfaces/include/robot_interfaces/robot_interfaces/srv/get_robot_info.h
-- Installing: /root/Autonomous-Delivery-Robot-ROS2/install/robot_interfaces/share/robot_interfaces/environment/library_path.sh
-- Installing: /root/Autonomous-Delivery-Robot-ROS2/install/robot_interfaces/share/robot_interfaces/environment/library_path.dsv
-- Installing: /root/Autonomous-Delivery-Robot-ROS2/install/robot_interfaces/lib/librobot_interfaces__rosidl_generator_c.so
-- Set runtime path of "/root/Autonomous-Delivery-Robot-ROS2/install/robot_interfaces/lib/librobot_interfaces__rosidl_generator_c.so" to ""
-- Up-to-date: /root/Autonomous-Delivery-Robot-ROS2/install/robot_interfaces/include/robot_interfaces/robot_interfaces
-- Up-to-date: /root/Autonomous-Delivery-Robot-ROS2/install/robot_interfaces/include/robot_interfaces/robot_interfaces/msg
-- Installing: /root/Autonomous-Delivery-Robot-ROS2/install/robot_interfaces/include/robot_interfaces/robot_interfaces/msg/rosidl_typesupport_fastrtps_c__visibility_control.h
-- Up-to-date: /root/Autonomous-Delivery-Robot-ROS2/install/robot_interfaces/include/robot_interfaces/robot_interfaces/srv
-- Up-to-date: /root/Autonomous-Delivery-Robot-ROS2/install/robot_interfaces/include/robot_interfaces/robot_interfaces/srv/detail
-- Installing: /root/Autonomous-Delivery-Robot-ROS2/install/robot_interfaces/include/robot_interfaces/robot_interfaces/srv/detail/emergency_stop__rosidl_typesupport_fastrtps_c.h
-- Installing: /root/Autonomous-Delivery-Robot-ROS2/install/robot_interfaces/include/robot_interfaces/robot_interfaces/srv/detail/system_diagnostic__rosidl_typesupport_fastrtps_c.h
-- Installing: /root/Autonomous-Delivery-Robot-ROS2/install/robot_interfaces/include/robot_interfaces/robot_interfaces/srv/detail/get_robot_info__rosidl_typesupport_fastrtps_c.h
-- Installing: /root/Autonomous-Delivery-Robot-ROS2/install/robot_interfaces/lib/librobot_interfaces__rosidl_typesupport_fastrtps_c.so
-- Set runtime path of "/root/Autonomous-Delivery-Robot-ROS2/install/robot_interfaces/lib/librobot_interfaces__rosidl_typesupport_fastrtps_c.so" to ""
-- Up-to-date: /root/Autonomous-Delivery-Robot-ROS2/install/robot_interfaces/include/robot_interfaces/robot_interfaces
-- Up-to-date: /root/Autonomous-Delivery-Robot-ROS2/install/robot_interfaces/include/robot_interfaces/robot_interfaces/msg
-- Installing: /root/Autonomous-Delivery-Robot-ROS2/install/robot_interfaces/include/robot_interfaces/robot_interfaces/msg/rosidl_typesupport_introspection_c__visibility_control.h
-- Up-to-date: /root/Autonomous-Delivery-Robot-ROS2/install/robot_interfaces/include/robot_interfaces/robot_interfaces/srv
-- Up-to-date: /root/Autonomous-Delivery-Robot-ROS2/install/robot_interfaces/include/robot_interfaces/robot_interfaces/srv/detail
-- Installing: /root/Autonomous-Delivery-Robot-ROS2/install/robot_interfaces/include/robot_interfaces/robot_interfaces/srv/detail/emergency_stop__rosidl_typesupport_introspection_c.h
-- Installing: /root/Autonomous-Delivery-Robot-ROS2/install/robot_interfaces/include/robot_interfaces/robot_interfaces/srv/detail/emergency_stop__type_support.c
-- Installing: /root/Autonomous-Delivery-Robot-ROS2/install/robot_interfaces/include/robot_interfaces/robot_interfaces/srv/detail/system_diagnostic__rosidl_typesupport_introspection_c.h
-- Installing: /root/Autonomous-Delivery-Robot-ROS2/install/robot_interfaces/include/robot_interfaces/robot_interfaces/srv/detail/system_diagnostic__type_support.c
-- Installing: /root/Autonomous-Delivery-Robot-ROS2/install/robot_interfaces/include/robot_interfaces/robot_interfaces/srv/detail/get_robot_info__rosidl_typesupport_introspection_c.h
-- Installing: /root/Autonomous-Delivery-Robot-ROS2/install/robot_interfaces/include/robot_interfaces/robot_interfaces/srv/detail/get_robot_info__type_support.c
-- Installing: /root/Autonomous-Delivery-Robot-ROS2/install/robot_interfaces/lib/librobot_interfaces__rosidl_typesupport_introspection_c.so
-- Set runtime path of "/root/Autonomous-Delivery-Robot-ROS2/install/robot_interfaces/lib/librobot_interfaces__rosidl_typesupport_introspection_c.so" to ""
-- Installing: /root/Autonomous-Delivery-Robot-ROS2/install/robot_interfaces/lib/librobot_interfaces__rosidl_typesupport_c.so
-- Set runtime path of "/root/Autonomous-Delivery-Robot-ROS2/install/robot_interfaces/lib/librobot_interfaces__rosidl_typesupport_c.so" to ""
-- Up-to-date: /root/Autonomous-Delivery-Robot-ROS2/install/robot_interfaces/include/robot_interfaces/robot_interfaces
-- Up-to-date: /root/Autonomous-Delivery-Robot-ROS2/install/robot_interfaces/include/robot_interfaces/robot_interfaces/msg
-- Installing: /root/Autonomous-Delivery-Robot-ROS2/install/robot_interfaces/include/robot_interfaces/robot_interfaces/msg/rosidl_generator_cpp__visibility_control.hpp
-- Up-to-date: /root/Autonomous-Delivery-Robot-ROS2/install/robot_interfaces/include/robot_interfaces/robot_interfaces/srv
-- Installing: /root/Autonomous-Delivery-Robot-ROS2/install/robot_interfaces/include/robot_interfaces/robot_interfaces/srv/emergency_stop.hpp
-- Up-to-date: /root/Autonomous-Delivery-Robot-ROS2/install/robot_interfaces/include/robot_interfaces/robot_interfaces/srv/detail
-- Installing: /root/Autonomous-Delivery-Robot-ROS2/install/robot_interfaces/include/robot_interfaces/robot_interfaces/srv/detail/emergency_stop__builder.hpp
-- Installing: /root/Autonomous-Delivery-Robot-ROS2/install/robot_interfaces/include/robot_interfaces/robot_interfaces/srv/detail/emergency_stop__struct.hpp
-- Installing: /root/Autonomous-Delivery-Robot-ROS2/install/robot_interfaces/include/robot_interfaces/robot_interfaces/srv/detail/emergency_stop__traits.hpp
-- Installing: /root/Autonomous-Delivery-Robot-ROS2/install/robot_interfaces/include/robot_interfaces/robot_interfaces/srv/detail/emergency_stop__type_support.hpp
-- Installing: /root/Autonomous-Delivery-Robot-ROS2/install/robot_interfaces/include/robot_interfaces/robot_interfaces/srv/detail/system_diagnostic__builder.hpp
-- Installing: /root/Autonomous-Delivery-Robot-ROS2/install/robot_interfaces/include/robot_interfaces/robot_interfaces/srv/detail/system_diagnostic__struct.hpp
-- Installing: /root/Autonomous-Delivery-Robot-ROS2/install/robot_interfaces/include/robot_interfaces/robot_interfaces/srv/detail/system_diagnostic__traits.hpp
-- Installing: /root/Autonomous-Delivery-Robot-ROS2/install/robot_interfaces/include/robot_interfaces/robot_interfaces/srv/detail/system_diagnostic__type_support.hpp
-- Installing: /root/Autonomous-Delivery-Robot-ROS2/install/robot_interfaces/include/robot_interfaces/robot_interfaces/srv/detail/get_robot_info__builder.hpp
-- Installing: /root/Autonomous-Delivery-Robot-ROS2/install/robot_interfaces/include/robot_interfaces/robot_interfaces/srv/detail/get_robot_info__struct.hpp
-- Installing: /root/Autonomous-Delivery-Robot-ROS2/install/robot_interfaces/include/robot_interfaces/robot_interfaces/srv/detail/get_robot_info__traits.hpp
-- Installing: /root/Autonomous-Delivery-Robot-ROS2/install/robot_interfaces/include/robot_interfaces/robot_interfaces/srv/detail/get_robot_info__type_support.hpp
-- Installing: /root/Autonomous-Delivery-Robot-ROS2/install/robot_interfaces/include/robot_interfaces/robot_interfaces/srv/system_diagnostic.hpp
-- Installing: /root/Autonomous-Delivery-Robot-ROS2/install/robot_interfaces/include/robot_interfaces/robot_interfaces/srv/get_robot_info.hpp
-- Up-to-date: /root/Autonomous-Delivery-Robot-ROS2/install/robot_interfaces/include/robot_interfaces/robot_interfaces
-- Up-to-date: /root/Autonomous-Delivery-Robot-ROS2/install/robot_interfaces/include/robot_interfaces/robot_interfaces/msg
-- Installing: /root/Autonomous-Delivery-Robot-ROS2/install/robot_interfaces/include/robot_interfaces/robot_interfaces/msg/rosidl_typesupport_fastrtps_cpp__visibility_control.h
-- Up-to-date: /root/Autonomous-Delivery-Robot-ROS2/install/robot_interfaces/include/robot_interfaces/robot_interfaces/srv
-- Up-to-date: /root/Autonomous-Delivery-Robot-ROS2/install/robot_interfaces/include/robot_interfaces/robot_interfaces/srv/detail
-- Installing: /root/Autonomous-Delivery-Robot-ROS2/install/robot_interfaces/include/robot_interfaces/robot_interfaces/srv/detail/emergency_stop__rosidl_typesupport_fastrtps_cpp.hpp
-- Installing: /root/Autonomous-Delivery-Robot-ROS2/install/robot_interfaces/include/robot_interfaces/robot_interfaces/srv/detail/dds_fastrtps
-- Installing: /root/Autonomous-Delivery-Robot-ROS2/install/robot_interfaces/include/robot_interfaces/robot_interfaces/srv/detail/system_diagnostic__rosidl_typesupport_fastrtps_cpp.hpp
-- Installing: /root/Autonomous-Delivery-Robot-ROS2/install/robot_interfaces/include/robot_interfaces/robot_interfaces/srv/detail/get_robot_info__rosidl_typesupport_fastrtps_cpp.hpp
-- Installing: /root/Autonomous-Delivery-Robot-ROS2/install/robot_interfaces/lib/librobot_interfaces__rosidl_typesupport_fastrtps_cpp.so
-- Set runtime path of "/root/Autonomous-Delivery-Robot-ROS2/install/robot_interfaces/lib/librobot_interfaces__rosidl_typesupport_fastrtps_cpp.so" to ""
-- Up-to-date: /root/Autonomous-Delivery-Robot-ROS2/install/robot_interfaces/include/robot_interfaces/robot_interfaces
-- Up-to-date: /root/Autonomous-Delivery-Robot-ROS2/install/robot_interfaces/include/robot_interfaces/robot_interfaces/srv
-- Up-to-date: /root/Autonomous-Delivery-Robot-ROS2/install/robot_interfaces/include/robot_interfaces/robot_interfaces/srv/detail
-- Installing: /root/Autonomous-Delivery-Robot-ROS2/install/robot_interfaces/include/robot_interfaces/robot_interfaces/srv/detail/emergency_stop__rosidl_typesupport_introspection_cpp.hpp
-- Installing: /root/Autonomous-Delivery-Robot-ROS2/install/robot_interfaces/include/robot_interfaces/robot_interfaces/srv/detail/emergency_stop__type_support.cpp
-- Installing: /root/Autonomous-Delivery-Robot-ROS2/install/robot_interfaces/include/robot_interfaces/robot_interfaces/srv/detail/system_diagnostic__rosidl_typesupport_introspection_cpp.hpp
-- Installing: /root/Autonomous-Delivery-Robot-ROS2/install/robot_interfaces/include/robot_interfaces/robot_interfaces/srv/detail/system_diagnostic__type_support.cpp
-- Installing: /root/Autonomous-Delivery-Robot-ROS2/install/robot_interfaces/include/robot_interfaces/robot_interfaces/srv/detail/get_robot_info__rosidl_typesupport_introspection_cpp.hpp
-- Installing: /root/Autonomous-Delivery-Robot-ROS2/install/robot_interfaces/include/robot_interfaces/robot_interfaces/srv/detail/get_robot_info__type_support.cpp
-- Installing: /root/Autonomous-Delivery-Robot-ROS2/install/robot_interfaces/lib/librobot_interfaces__rosidl_typesupport_introspection_cpp.so
-- Set runtime path of "/root/Autonomous-Delivery-Robot-ROS2/install/robot_interfaces/lib/librobot_interfaces__rosidl_typesupport_introspection_cpp.so" to ""
-- Installing: /root/Autonomous-Delivery-Robot-ROS2/install/robot_interfaces/lib/librobot_interfaces__rosidl_typesupport_cpp.so
-- Set runtime path of "/root/Autonomous-Delivery-Robot-ROS2/install/robot_interfaces/lib/librobot_interfaces__rosidl_typesupport_cpp.so" to ""
-- Installing: /root/Autonomous-Delivery-Robot-ROS2/install/robot_interfaces/share/robot_interfaces/environment/pythonpath.sh
-- Installing: /root/Autonomous-Delivery-Robot-ROS2/install/robot_interfaces/share/robot_interfaces/environment/pythonpath.dsv
-- Installing: /root/Autonomous-Delivery-Robot-ROS2/install/robot_interfaces/local/lib/python3.10/dist-packages/robot_interfaces-0.0.0-py3.10.egg-info
-- Installing: /root/Autonomous-Delivery-Robot-ROS2/install/robot_interfaces/local/lib/python3.10/dist-packages/robot_interfaces-0.0.0-py3.10.egg-info/PKG-INFO
-- Installing: /root/Autonomous-Delivery-Robot-ROS2/install/robot_interfaces/local/lib/python3.10/dist-packages/robot_interfaces-0.0.0-py3.10.egg-info/dependency_links.txt
-- Installing: /root/Autonomous-Delivery-Robot-ROS2/install/robot_interfaces/local/lib/python3.10/dist-packages/robot_interfaces-0.0.0-py3.10.egg-info/top_level.txt
-- Installing: /root/Autonomous-Delivery-Robot-ROS2/install/robot_interfaces/local/lib/python3.10/dist-packages/robot_interfaces-0.0.0-py3.10.egg-info/SOURCES.txt
-- Installing: /root/Autonomous-Delivery-Robot-ROS2/install/robot_interfaces/local/lib/python3.10/dist-packages/robot_interfaces
-- Installing: /root/Autonomous-Delivery-Robot-ROS2/install/robot_interfaces/local/lib/python3.10/dist-packages/robot_interfaces/__init__.py
-- Installing: /root/Autonomous-Delivery-Robot-ROS2/install/robot_interfaces/local/lib/python3.10/dist-packages/robot_interfaces/srv
-- Installing: /root/Autonomous-Delivery-Robot-ROS2/install/robot_interfaces/local/lib/python3.10/dist-packages/robot_interfaces/srv/_emergency_stop.py
-- Installing: /root/Autonomous-Delivery-Robot-ROS2/install/robot_interfaces/local/lib/python3.10/dist-packages/robot_interfaces/srv/_emergency_stop_s.c
-- Installing: /root/Autonomous-Delivery-Robot-ROS2/install/robot_interfaces/local/lib/python3.10/dist-packages/robot_interfaces/srv/_system_diagnostic.py
-- Installing: /root/Autonomous-Delivery-Robot-ROS2/install/robot_interfaces/local/lib/python3.10/dist-packages/robot_interfaces/srv/_system_diagnostic_s.c
-- Installing: /root/Autonomous-Delivery-Robot-ROS2/install/robot_interfaces/local/lib/python3.10/dist-packages/robot_interfaces/srv/_get_robot_info.py
-- Installing: /root/Autonomous-Delivery-Robot-ROS2/install/robot_interfaces/local/lib/python3.10/dist-packages/robot_interfaces/srv/_get_robot_info_s.c
-- Installing: /root/Autonomous-Delivery-Robot-ROS2/install/robot_interfaces/local/lib/python3.10/dist-packages/robot_interfaces/srv/__init__.py
-- Installing: /root/Autonomous-Delivery-Robot-ROS2/install/robot_interfaces/local/lib/python3.10/dist-packages/robot_interfaces/_robot_interfaces_s.ep.rosidl_typesupport_fastrtps_c.c
-- Installing: /root/Autonomous-Delivery-Robot-ROS2/install/robot_interfaces/local/lib/python3.10/dist-packages/robot_interfaces/_robot_interfaces_s.ep.rosidl_typesupport_introspection_c.c
-- Installing: /root/Autonomous-Delivery-Robot-ROS2/install/robot_interfaces/local/lib/python3.10/dist-packages/robot_interfaces/_robot_interfaces_s.ep.rosidl_typesupport_c.c
-- Installing: /root/Autonomous-Delivery-Robot-ROS2/install/robot_interfaces/local/lib/python3.10/dist-packages/robot_interfaces/librobot_interfaces__rosidl_generator_py.so
-- Installing: /root/Autonomous-Delivery-Robot-ROS2/install/robot_interfaces/local/lib/python3.10/dist-packages/robot_interfaces/robot_interfaces_s__rosidl_typesupport_introspection_c.cpython-310-x86_64-linux-gnu.so
-- Installing: /root/Autonomous-Delivery-Robot-ROS2/install/robot_interfaces/local/lib/python3.10/dist-packages/robot_interfaces/robot_interfaces_s__rosidl_typesupport_c.cpython-310-x86_64-linux-gnu.so
-- Installing: /root/Autonomous-Delivery-Robot-ROS2/install/robot_interfaces/local/lib/python3.10/dist-packages/robot_interfaces/robot_interfaces_s__rosidl_typesupport_fastrtps_c.cpython-310-x86_64-linux-gnu.so
Listing '/root/Autonomous-Delivery-Robot-ROS2/install/robot_interfaces/local/lib/python3.10/dist-packages/robot_interfaces'...
Compiling '/root/Autonomous-Delivery-Robot-ROS2/install/robot_interfaces/local/lib/python3.10/dist-packages/robot_interfaces/__init__.py'...
Listing '/root/Autonomous-Delivery-Robot-ROS2/install/robot_interfaces/local/lib/python3.10/dist-packages/robot_interfaces/srv'...
Compiling '/root/Autonomous-Delivery-Robot-ROS2/install/robot_interfaces/local/lib/python3.10/dist-packages/robot_interfaces/srv/__init__.py'...
Compiling '/root/Autonomous-Delivery-Robot-ROS2/install/robot_interfaces/local/lib/python3.10/dist-packages/robot_interfaces/srv/_emergency_stop.py'...
Compiling '/root/Autonomous-Delivery-Robot-ROS2/install/robot_interfaces/local/lib/python3.10/dist-packages/robot_interfaces/srv/_get_robot_info.py'...
Compiling '/root/Autonomous-Delivery-Robot-ROS2/install/robot_interfaces/local/lib/python3.10/dist-packages/robot_interfaces/srv/_system_diagnostic.py'...
-- Installing: /root/Autonomous-Delivery-Robot-ROS2/install/robot_interfaces/local/lib/python3.10/dist-packages/robot_interfaces/robot_interfaces_s__rosidl_typesupport_fastrtps_c.cpython-310-x86_64-linux-gnu.so
-- Set runtime path of "/root/Autonomous-Delivery-Robot-ROS2/install/robot_interfaces/local/lib/python3.10/dist-packages/robot_interfaces/robot_interfaces_s__rosidl_typesupport_fastrtps_c.cpython-310-x86_64-linux-gnu.so" to ""
-- Installing: /root/Autonomous-Delivery-Robot-ROS2/install/robot_interfaces/local/lib/python3.10/dist-packages/robot_interfaces/robot_interfaces_s__rosidl_typesupport_introspection_c.cpython-310-x86_64-linux-gnu.so
-- Set runtime path of "/root/Autonomous-Delivery-Robot-ROS2/install/robot_interfaces/local/lib/python3.10/dist-packages/robot_interfaces/robot_interfaces_s__rosidl_typesupport_introspection_c.cpython-310-x86_64-linux-gnu.so" to ""
-- Installing: /root/Autonomous-Delivery-Robot-ROS2/install/robot_interfaces/local/lib/python3.10/dist-packages/robot_interfaces/robot_interfaces_s__rosidl_typesupport_c.cpython-310-x86_64-linux-gnu.so
-- Set runtime path of "/root/Autonomous-Delivery-Robot-ROS2/install/robot_interfaces/local/lib/python3.10/dist-packages/robot_interfaces/robot_interfaces_s__rosidl_typesupport_c.cpython-310-x86_64-linux-gnu.so" to ""
-- Installing: /root/Autonomous-Delivery-Robot-ROS2/install/robot_interfaces/lib/librobot_interfaces__rosidl_generator_py.so
-- Set runtime path of "/root/Autonomous-Delivery-Robot-ROS2/install/robot_interfaces/lib/librobot_interfaces__rosidl_generator_py.so" to ""
-- Installing: /root/Autonomous-Delivery-Robot-ROS2/install/robot_interfaces/share/robot_interfaces/srv/EmergencyStop.idl
-- Installing: /root/Autonomous-Delivery-Robot-ROS2/install/robot_interfaces/share/robot_interfaces/srv/SystemDiagnostic.idl
-- Installing: /root/Autonomous-Delivery-Robot-ROS2/install/robot_interfaces/share/robot_interfaces/srv/GetRobotInfo.idl
-- Installing: /root/Autonomous-Delivery-Robot-ROS2/install/robot_interfaces/share/robot_interfaces/srv/EmergencyStop.srv
-- Installing: /root/Autonomous-Delivery-Robot-ROS2/install/robot_interfaces/share/robot_interfaces/srv/EmergencyStop_Request.msg
-- Installing: /root/Autonomous-Delivery-Robot-ROS2/install/robot_interfaces/share/robot_interfaces/srv/EmergencyStop_Response.msg
-- Installing: /root/Autonomous-Delivery-Robot-ROS2/install/robot_interfaces/share/robot_interfaces/srv/SystemDiagnostic.srv
-- Installing: /root/Autonomous-Delivery-Robot-ROS2/install/robot_interfaces/share/robot_interfaces/srv/SystemDiagnostic_Request.msg
-- Installing: /root/Autonomous-Delivery-Robot-ROS2/install/robot_interfaces/share/robot_interfaces/srv/SystemDiagnostic_Response.msg
-- Installing: /root/Autonomous-Delivery-Robot-ROS2/install/robot_interfaces/share/robot_interfaces/srv/GetRobotInfo.srv
-- Installing: /root/Autonomous-Delivery-Robot-ROS2/install/robot_interfaces/share/robot_interfaces/srv/GetRobotInfo_Request.msg
-- Installing: /root/Autonomous-Delivery-Robot-ROS2/install/robot_interfaces/share/robot_interfaces/srv/GetRobotInfo_Response.msg
-- Installing: /root/Autonomous-Delivery-Robot-ROS2/install/robot_interfaces/share/ament_index/resource_index/package_run_dependencies/robot_interfaces
-- Installing: /root/Autonomous-Delivery-Robot-ROS2/install/robot_interfaces/share/ament_index/resource_index/parent_prefix_path/robot_interfaces
-- Installing: /root/Autonomous-Delivery-Robot-ROS2/install/robot_interfaces/share/robot_interfaces/environment/ament_prefix_path.sh
-- Installing: /root/Autonomous-Delivery-Robot-ROS2/install/robot_interfaces/share/robot_interfaces/environment/ament_prefix_path.dsv
-- Installing: /root/Autonomous-Delivery-Robot-ROS2/install/robot_interfaces/share/robot_interfaces/environment/path.sh
-- Installing: /root/Autonomous-Delivery-Robot-ROS2/install/robot_interfaces/share/robot_interfaces/environment/path.dsv
-- Installing: /root/Autonomous-Delivery-Robot-ROS2/install/robot_interfaces/share/robot_interfaces/local_setup.bash
-- Installing: /root/Autonomous-Delivery-Robot-ROS2/install/robot_interfaces/share/robot_interfaces/local_setup.sh
-- Installing: /root/Autonomous-Delivery-Robot-ROS2/install/robot_interfaces/share/robot_interfaces/local_setup.zsh
-- Installing: /root/Autonomous-Delivery-Robot-ROS2/install/robot_interfaces/share/robot_interfaces/local_setup.dsv
-- Installing: /root/Autonomous-Delivery-Robot-ROS2/install/robot_interfaces/share/robot_interfaces/package.dsv
-- Installing: /root/Autonomous-Delivery-Robot-ROS2/install/robot_interfaces/share/ament_index/resource_index/packages/robot_interfaces
-- Installing: /root/Autonomous-Delivery-Robot-ROS2/install/robot_interfaces/share/robot_interfaces/cmake/export_robot_interfaces__rosidl_generator_cExport.cmake
-- Installing: /root/Autonomous-Delivery-Robot-ROS2/install/robot_interfaces/share/robot_interfaces/cmake/export_robot_interfaces__rosidl_generator_cExport-noconfig.cmake
-- Installing: /root/Autonomous-Delivery-Robot-ROS2/install/robot_interfaces/share/robot_interfaces/cmake/export_robot_interfaces__rosidl_typesupport_fastrtps_cExport.cmake
-- Installing: /root/Autonomous-Delivery-Robot-ROS2/install/robot_interfaces/share/robot_interfaces/cmake/export_robot_interfaces__rosidl_typesupport_fastrtps_cExport-noconfig.cmake
-- Installing: /root/Autonomous-Delivery-Robot-ROS2/install/robot_interfaces/share/robot_interfaces/cmake/robot_interfaces__rosidl_typesupport_introspection_cExport.cmake
-- Installing: /root/Autonomous-Delivery-Robot-ROS2/install/robot_interfaces/share/robot_interfaces/cmake/robot_interfaces__rosidl_typesupport_introspection_cExport-noconfig.cmake
-- Installing: /root/Autonomous-Delivery-Robot-ROS2/install/robot_interfaces/share/robot_interfaces/cmake/robot_interfaces__rosidl_typesupport_cExport.cmake
-- Installing: /root/Autonomous-Delivery-Robot-ROS2/install/robot_interfaces/share/robot_interfaces/cmake/robot_interfaces__rosidl_typesupport_cExport-noconfig.cmake
-- Installing: /root/Autonomous-Delivery-Robot-ROS2/install/robot_interfaces/share/robot_interfaces/cmake/export_robot_interfaces__rosidl_generator_cppExport.cmake
-- Installing: /root/Autonomous-Delivery-Robot-ROS2/install/robot_interfaces/share/robot_interfaces/cmake/export_robot_interfaces__rosidl_typesupport_fastrtps_cppExport.cmake
-- Installing: /root/Autonomous-Delivery-Robot-ROS2/install/robot_interfaces/share/robot_interfaces/cmake/export_robot_interfaces__rosidl_typesupport_fastrtps_cppExport-noconfig.cmake
-- Installing: /root/Autonomous-Delivery-Robot-ROS2/install/robot_interfaces/share/robot_interfaces/cmake/robot_interfaces__rosidl_typesupport_introspection_cppExport.cmake
-- Installing: /root/Autonomous-Delivery-Robot-ROS2/install/robot_interfaces/share/robot_interfaces/cmake/robot_interfaces__rosidl_typesupport_introspection_cppExport-noconfig.cmake
-- Installing: /root/Autonomous-Delivery-Robot-ROS2/install/robot_interfaces/share/robot_interfaces/cmake/robot_interfaces__rosidl_typesupport_cppExport.cmake
-- Installing: /root/Autonomous-Delivery-Robot-ROS2/install/robot_interfaces/share/robot_interfaces/cmake/robot_interfaces__rosidl_typesupport_cppExport-noconfig.cmake
-- Installing: /root/Autonomous-Delivery-Robot-ROS2/install/robot_interfaces/share/robot_interfaces/cmake/export_robot_interfaces__rosidl_generator_pyExport.cmake
-- Installing: /root/Autonomous-Delivery-Robot-ROS2/install/robot_interfaces/share/robot_interfaces/cmake/export_robot_interfaces__rosidl_generator_pyExport-noconfig.cmake
-- Installing: /root/Autonomous-Delivery-Robot-ROS2/install/robot_interfaces/share/robot_interfaces/cmake/rosidl_cmake-extras.cmake
-- Installing: /root/Autonomous-Delivery-Robot-ROS2/install/robot_interfaces/share/robot_interfaces/cmake/ament_cmake_export_include_directories-extras.cmake
-- Installing: /root/Autonomous-Delivery-Robot-ROS2/install/robot_interfaces/share/robot_interfaces/cmake/ament_cmake_export_libraries-extras.cmake
-- Installing: /root/Autonomous-Delivery-Robot-ROS2/install/robot_interfaces/share/robot_interfaces/cmake/ament_cmake_export_targets-extras.cmake
-- Installing: /root/Autonomous-Delivery-Robot-ROS2/install/robot_interfaces/share/robot_interfaces/cmake/rosidl_cmake_export_typesupport_targets-extras.cmake
-- Installing: /root/Autonomous-Delivery-Robot-ROS2/install/robot_interfaces/share/robot_interfaces/cmake/ament_cmake_export_dependencies-extras.cmake
-- Installing: /root/Autonomous-Delivery-Robot-ROS2/install/robot_interfaces/share/robot_interfaces/cmake/rosidl_cmake_export_typesupport_libraries-extras.cmake
-- Installing: /root/Autonomous-Delivery-Robot-ROS2/install/robot_interfaces/share/robot_interfaces/cmake/robot_interfacesConfig.cmake
-- Installing: /root/Autonomous-Delivery-Robot-ROS2/install/robot_interfaces/share/robot_interfaces/cmake/robot_interfacesConfig-version.cmake
-- Installing: /root/Autonomous-Delivery-Robot-ROS2/install/robot_interfaces/share/robot_interfaces/package.xml
