[0.009s] Invoking command in '/root/Autonomous-Delivery-Robot-ROS2/build/robot_interfaces': CMAKE_PREFIX_PATH=/opt/ros/humble /usr/bin/cmake /root/Autonomous-Delivery-Robot-ROS2/src/robot_interfaces -DCMAKE_INSTALL_PREFIX=/root/Autonomous-Delivery-Robot-ROS2/install/robot_interfaces
[0.021s] -- Found ament_cmake: 1.3.12 (/opt/ros/humble/share/ament_cmake/cmake)
[0.121s] -- Found rosidl_default_generators: 1.2.0 (/opt/ros/humble/share/rosidl_default_generators/cmake)
[0.122s] -- Using all available rosidl_typesupport_c: rosidl_typesupport_fastrtps_c;rosidl_typesupport_introspection_c
[0.125s] -- Found rosidl_adapter: 3.1.7 (/opt/ros/humble/share/rosidl_adapter/cmake)
[0.150s] -- Using all available rosidl_typesupport_cpp: rosidl_typesupport_fastrtps_cpp;rosidl_typesupport_introspection_cpp
[0.267s] [31mCMake Error at /opt/ros/humble/share/rosidl_adapter/cmake/rosidl_adapt_interfaces.cmake:59 (message):
[0.267s]   execute_process(/usr/bin/python3 -m rosidl_adapter --package-name
[0.267s]   robot_interfaces --arguments-file
[0.267s]   /root/Autonomous-Delivery-Robot-ROS2/build/robot_interfaces/rosidl_adapter__arguments__robot_interfaces.json
[0.268s]   --output-dir
[0.268s]   /root/Autonomous-Delivery-Robot-ROS2/build/robot_interfaces/rosidl_adapter/robot_interfaces
[0.268s]   --output-file
[0.268s]   /root/Autonomous-Delivery-Robot-ROS2/build/robot_interfaces/rosidl_adapter/robot_interfaces.idls)
[0.268s]   returned error code 1:
[0.268s] 
[0.268s]   Error processing '"ERROR", "RETURNING_TO_CHARGE"' of
[0.268s]   'robot_interfaces/GetRobotInfo_Response': ''"ERROR",' is an invalid message
[0.268s]   name.  It should have the pattern '^[A-Z][A-Za-z0-9]*$''
[0.268s] 
[0.268s]   Traceback (most recent call last):
[0.268s] 
[0.268s]     File "/usr/lib/python3.10/runpy.py", line 196, in _run_module_as_main
[0.268s]       return _run_code(code, main_globals, None,
[0.269s]     File "/usr/lib/python3.10/runpy.py", line 86, in _run_code
[0.269s]       exec(code, run_globals)
[0.269s]     File "/opt/ros/humble/local/lib/python3.10/dist-packages/rosidl_adapter/__main__.py", line 19, in <module>
[0.269s]       sys.exit(main())
[0.269s]     File "/opt/ros/humble/local/lib/python3.10/dist-packages/rosidl_adapter/main.py", line 53, in main
[0.269s]       abs_idl_file = convert_to_idl(
[0.269s]     File "/opt/ros/humble/local/lib/python3.10/dist-packages/rosidl_adapter/__init__.py", line 24, in convert_to_idl
[0.269s]       return convert_srv_to_idl(
[0.269s]     File "/opt/ros/humble/local/lib/python3.10/dist-packages/rosidl_adapter/srv/__init__.py", line 28, in convert_srv_to_idl
[0.269s]       srv = parse_service_string(package_name, input_file.stem, content)
[0.269s]     File "/opt/ros/humble/local/lib/python3.10/dist-packages/rosidl_adapter/parser.py", line 863, in parse_service_string
[0.269s]       response_message = parse_message_string(
[0.269s]     File "/opt/ros/humble/local/lib/python3.10/dist-packages/rosidl_adapter/parser.py", line 520, in parse_message_string
[0.269s]       Type(type_string, context_package_name=pkg_name),
[0.269s]     File "/opt/ros/humble/local/lib/python3.10/dist-packages/rosidl_adapter/parser.py", line 277, in __init__
[0.269s]       super(Type, self).__init__(
[0.270s]     File "/opt/ros/humble/local/lib/python3.10/dist-packages/rosidl_adapter/parser.py", line 205, in __init__
[0.270s]       raise InvalidResourceName(
[0.270s] 
[0.270s]   rosidl_adapter.parser.InvalidResourceName: '"ERROR",' is an invalid message
[0.270s]   name.  It should have the pattern '^[A-Z][A-Za-z0-9]*$'
[0.270s] 
[0.270s] Call Stack (most recent call first):
[0.270s]   /opt/ros/humble/share/rosidl_cmake/cmake/rosidl_generate_interfaces.cmake:130 (rosidl_adapt_interfaces)
[0.270s]   CMakeLists.txt:16 (rosidl_generate_interfaces)
[0.270s] 
[0.270s] [0m
[0.270s] -- Configuring incomplete, errors occurred!
[0.270s] See also "/root/Autonomous-Delivery-Robot-ROS2/build/robot_interfaces/CMakeFiles/CMakeOutput.log".
[0.272s] Invoked command in '/root/Autonomous-Delivery-Robot-ROS2/build/robot_interfaces' returned '1': CMAKE_PREFIX_PATH=/opt/ros/humble /usr/bin/cmake /root/Autonomous-Delivery-Robot-ROS2/src/robot_interfaces -DCMAKE_INSTALL_PREFIX=/root/Autonomous-Delivery-Robot-ROS2/install/robot_interfaces
