[0.009s] Invoking command in '/root/Autonomous-Delivery-Robot-ROS2/build/robot_interfaces': CMAKE_PREFIX_PATH=/opt/ros/humble /usr/bin/cmake /root/Autonomous-Delivery-Robot-ROS2/src/robot_interfaces -DCMAKE_INSTALL_PREFIX=/root/Autonomous-Delivery-Robot-ROS2/install/robot_interfaces
[0.131s] -- The C compiler identification is GNU 11.4.0
[0.207s] -- The CXX compiler identification is GNU 11.4.0
[0.218s] -- Detecting C compiler ABI info
[0.288s] -- Detecting C compiler ABI info - done
[0.293s] -- Check for working C compiler: /usr/bin/cc - skipped
[0.294s] -- Detecting C compile features
[0.295s] -- Detecting C compile features - done
[0.298s] -- Detecting CXX compiler ABI info
[0.384s] -- Detecting CXX compiler ABI info - done
[0.390s] -- Check for working CXX compiler: /usr/bin/c++ - skipped
[0.391s] -- Detecting CXX compile features
[0.391s] -- Detecting CXX compile features - done
[0.395s] -- Found ament_cmake: 1.3.12 (/opt/ros/humble/share/ament_cmake/cmake)
[0.514s] -- Found Python3: /usr/bin/python3 (found version "3.10.12") found components: Interpreter 
[0.590s] -- Found rosidl_default_generators: 1.2.0 (/opt/ros/humble/share/rosidl_default_generators/cmake)
[0.592s] -- Using all available rosidl_typesupport_c: rosidl_typesupport_fastrtps_c;rosidl_typesupport_introspection_c
[0.597s] -- Found rosidl_adapter: 3.1.7 (/opt/ros/humble/share/rosidl_adapter/cmake)
[0.758s] -- Using all available rosidl_typesupport_cpp: rosidl_typesupport_fastrtps_cpp;rosidl_typesupport_introspection_cpp
[0.889s] [31mCMake Error at /opt/ros/humble/share/rosidl_adapter/cmake/rosidl_adapt_interfaces.cmake:59 (message):
[0.889s]   execute_process(/usr/bin/python3 -m rosidl_adapter --package-name
[0.889s]   robot_interfaces --arguments-file
[0.890s]   /root/Autonomous-Delivery-Robot-ROS2/build/robot_interfaces/rosidl_adapter__arguments__robot_interfaces.json
[0.890s]   --output-dir
[0.890s]   /root/Autonomous-Delivery-Robot-ROS2/build/robot_interfaces/rosidl_adapter/robot_interfaces
[0.890s]   --output-file
[0.890s]   /root/Autonomous-Delivery-Robot-ROS2/build/robot_interfaces/rosidl_adapter/robot_interfaces.idls)
[0.890s]   returned error code 1:
[0.890s] 
[0.890s]   Error with: robot_interfaces SystemDiagnostic_Response components
[0.890s] 
[0.890s]   Traceback (most recent call last):
[0.890s] 
[0.890s]     File "/usr/lib/python3.10/runpy.py", line 196, in _run_module_as_main
[0.890s]       return _run_code(code, main_globals, None,
[0.890s]     File "/usr/lib/python3.10/runpy.py", line 86, in _run_code
[0.890s]       exec(code, run_globals)
[0.891s]     File "/opt/ros/humble/local/lib/python3.10/dist-packages/rosidl_adapter/__main__.py", line 19, in <module>
[0.891s]       sys.exit(main())
[0.891s]     File "/opt/ros/humble/local/lib/python3.10/dist-packages/rosidl_adapter/main.py", line 53, in main
[0.891s]       abs_idl_file = convert_to_idl(
[0.891s]     File "/opt/ros/humble/local/lib/python3.10/dist-packages/rosidl_adapter/__init__.py", line 24, in convert_to_idl
[0.891s]       return convert_srv_to_idl(
[0.891s]     File "/opt/ros/humble/local/lib/python3.10/dist-packages/rosidl_adapter/srv/__init__.py", line 28, in convert_srv_to_idl
[0.891s]       srv = parse_service_string(package_name, input_file.stem, content)
[0.891s]     File "/opt/ros/humble/local/lib/python3.10/dist-packages/rosidl_adapter/parser.py", line 863, in parse_service_string
[0.891s]       response_message = parse_message_string(
[0.891s]     File "/opt/ros/humble/local/lib/python3.10/dist-packages/rosidl_adapter/parser.py", line 510, in parse_message_string
[0.891s]       raise InvalidFieldDefinition(line)
[0.891s] 
[0.891s]   rosidl_adapter.parser.InvalidFieldDefinition: components
[0.891s] 
[0.891s] Call Stack (most recent call first):
[0.891s]   /opt/ros/humble/share/rosidl_cmake/cmake/rosidl_generate_interfaces.cmake:130 (rosidl_adapt_interfaces)
[0.892s]   CMakeLists.txt:16 (rosidl_generate_interfaces)
[0.892s] 
[0.892s] [0m
[0.892s] -- Configuring incomplete, errors occurred!
[0.892s] See also "/root/Autonomous-Delivery-Robot-ROS2/build/robot_interfaces/CMakeFiles/CMakeOutput.log".
[0.896s] Invoked command in '/root/Autonomous-Delivery-Robot-ROS2/build/robot_interfaces' returned '1': CMAKE_PREFIX_PATH=/opt/ros/humble /usr/bin/cmake /root/Autonomous-Delivery-Robot-ROS2/src/robot_interfaces -DCMAKE_INSTALL_PREFIX=/root/Autonomous-Delivery-Robot-ROS2/install/robot_interfaces
