[0.123s] DEBUG:colcon:Command line arguments: ['/usr/bin/colcon', 'build', '--packages-select', 'robot_interfaces']
[0.124s] DEBUG:colcon:Parsed command line arguments: Namespace(log_base=None, log_level=None, verb_name='build', build_base='build', install_base='install', merge_install=False, symlink_install=False, test_result_base=None, continue_on_error=False, executor='parallel', parallel_workers=12, event_handlers=None, ignore_user_meta=False, metas=['./colcon.meta'], base_paths=['.'], packages_ignore=None, packages_ignore_regex=None, paths=None, packages_up_to=None, packages_up_to_regex=None, packages_above=None, packages_above_and_dependencies=None, packages_above_depth=None, packages_select_by_dep=None, packages_skip_by_dep=None, packages_skip_up_to=None, packages_select_build_failed=False, packages_skip_build_finished=False, packages_select_test_failures=False, packages_skip_test_passed=False, packages_select=['robot_interfaces'], packages_skip=None, packages_select_regex=None, packages_skip_regex=None, packages_start=None, packages_end=None, allow_overriding=[], cmake_args=None, cmake_target=None, cmake_target_skip_unavailable=False, cmake_clean_cache=False, cmake_clean_first=False, cmake_force_configure=False, ament_cmake_args=None, catkin_cmake_args=None, catkin_skip_building_tests=False, verb_parser=<colcon_defaults.argument_parser.defaults.DefaultArgumentsDecorator object at 0x7f4dfb944460>, verb_extension=<colcon_core.verb.build.BuildVerb object at 0x7f4dfba318d0>, main=<bound method BuildVerb.main of <colcon_core.verb.build.BuildVerb object at 0x7f4dfba318d0>>)
[0.263s] Level 1:colcon.colcon_core.package_discovery:discover_packages(colcon_meta) check parameters
[0.263s] Level 1:colcon.colcon_core.package_discovery:discover_packages(recursive) check parameters
[0.263s] Level 1:colcon.colcon_core.package_discovery:discover_packages(ignore) check parameters
[0.263s] Level 1:colcon.colcon_core.package_discovery:discover_packages(path) check parameters
[0.263s] Level 1:colcon.colcon_core.package_discovery:discover_packages(colcon_meta) discover
[0.263s] Level 1:colcon.colcon_core.package_discovery:discover_packages(recursive) discover
[0.263s] INFO:colcon.colcon_core.package_discovery:Crawling recursively for packages in '/root/Autonomous-Delivery-Robot-ROS2'
[0.264s] Level 1:colcon.colcon_core.package_identification:_identify(.) by extensions ['ignore', 'ignore_ament_install']
[0.264s] Level 1:colcon.colcon_core.package_identification:_identify(.) by extension 'ignore'
[0.264s] Level 1:colcon.colcon_core.package_identification:_identify(.) by extension 'ignore_ament_install'
[0.264s] Level 1:colcon.colcon_core.package_identification:_identify(.) by extensions ['colcon_pkg']
[0.264s] Level 1:colcon.colcon_core.package_identification:_identify(.) by extension 'colcon_pkg'
[0.264s] Level 1:colcon.colcon_core.package_identification:_identify(.) by extensions ['colcon_meta']
[0.264s] Level 1:colcon.colcon_core.package_identification:_identify(.) by extension 'colcon_meta'
[0.264s] Level 1:colcon.colcon_core.package_identification:_identify(.) by extensions ['ros']
[0.264s] Level 1:colcon.colcon_core.package_identification:_identify(.) by extension 'ros'
[0.278s] Level 1:colcon.colcon_core.package_identification:_identify(.) by extensions ['cmake', 'python']
[0.278s] Level 1:colcon.colcon_core.package_identification:_identify(.) by extension 'cmake'
[0.278s] Level 1:colcon.colcon_core.package_identification:_identify(.) by extension 'python'
[0.278s] Level 1:colcon.colcon_core.package_identification:_identify(.) by extensions ['python_setup_py']
[0.278s] Level 1:colcon.colcon_core.package_identification:_identify(.) by extension 'python_setup_py'
[0.278s] Level 1:colcon.colcon_core.package_identification:_identify(build) by extensions ['ignore', 'ignore_ament_install']
[0.279s] Level 1:colcon.colcon_core.package_identification:_identify(build) by extension 'ignore'
[0.279s] Level 1:colcon.colcon_core.package_identification:_identify(build) ignored
[0.279s] Level 1:colcon.colcon_core.package_identification:_identify(install) by extensions ['ignore', 'ignore_ament_install']
[0.279s] Level 1:colcon.colcon_core.package_identification:_identify(install) by extension 'ignore'
[0.279s] Level 1:colcon.colcon_core.package_identification:_identify(install) ignored
[0.279s] Level 1:colcon.colcon_core.package_identification:_identify(log) by extensions ['ignore', 'ignore_ament_install']
[0.279s] Level 1:colcon.colcon_core.package_identification:_identify(log) by extension 'ignore'
[0.279s] Level 1:colcon.colcon_core.package_identification:_identify(log) ignored
[0.279s] Level 1:colcon.colcon_core.package_identification:_identify(src) by extensions ['ignore', 'ignore_ament_install']
[0.279s] Level 1:colcon.colcon_core.package_identification:_identify(src) by extension 'ignore'
[0.279s] Level 1:colcon.colcon_core.package_identification:_identify(src) by extension 'ignore_ament_install'
[0.279s] Level 1:colcon.colcon_core.package_identification:_identify(src) by extensions ['colcon_pkg']
[0.279s] Level 1:colcon.colcon_core.package_identification:_identify(src) by extension 'colcon_pkg'
[0.279s] Level 1:colcon.colcon_core.package_identification:_identify(src) by extensions ['colcon_meta']
[0.280s] Level 1:colcon.colcon_core.package_identification:_identify(src) by extension 'colcon_meta'
[0.280s] Level 1:colcon.colcon_core.package_identification:_identify(src) by extensions ['ros']
[0.280s] Level 1:colcon.colcon_core.package_identification:_identify(src) by extension 'ros'
[0.280s] Level 1:colcon.colcon_core.package_identification:_identify(src) by extensions ['cmake', 'python']
[0.280s] Level 1:colcon.colcon_core.package_identification:_identify(src) by extension 'cmake'
[0.280s] Level 1:colcon.colcon_core.package_identification:_identify(src) by extension 'python'
[0.280s] Level 1:colcon.colcon_core.package_identification:_identify(src) by extensions ['python_setup_py']
[0.280s] Level 1:colcon.colcon_core.package_identification:_identify(src) by extension 'python_setup_py'
[0.280s] Level 1:colcon.colcon_core.package_identification:_identify(src/command_nodes) by extensions ['ignore', 'ignore_ament_install']
[0.280s] Level 1:colcon.colcon_core.package_identification:_identify(src/command_nodes) by extension 'ignore'
[0.280s] Level 1:colcon.colcon_core.package_identification:_identify(src/command_nodes) by extension 'ignore_ament_install'
[0.280s] Level 1:colcon.colcon_core.package_identification:_identify(src/command_nodes) by extensions ['colcon_pkg']
[0.280s] Level 1:colcon.colcon_core.package_identification:_identify(src/command_nodes) by extension 'colcon_pkg'
[0.280s] Level 1:colcon.colcon_core.package_identification:_identify(src/command_nodes) by extensions ['colcon_meta']
[0.280s] Level 1:colcon.colcon_core.package_identification:_identify(src/command_nodes) by extension 'colcon_meta'
[0.280s] Level 1:colcon.colcon_core.package_identification:_identify(src/command_nodes) by extensions ['ros']
[0.280s] Level 1:colcon.colcon_core.package_identification:_identify(src/command_nodes) by extension 'ros'
[0.283s] DEBUG:colcon.colcon_core.package_identification:Package 'src/command_nodes' with type 'ros.ament_python' and name 'command_nodes'
[0.283s] Level 1:colcon.colcon_core.package_identification:_identify(src/delivery_interfaces) by extensions ['ignore', 'ignore_ament_install']
[0.283s] Level 1:colcon.colcon_core.package_identification:_identify(src/delivery_interfaces) by extension 'ignore'
[0.283s] Level 1:colcon.colcon_core.package_identification:_identify(src/delivery_interfaces) by extension 'ignore_ament_install'
[0.283s] Level 1:colcon.colcon_core.package_identification:_identify(src/delivery_interfaces) by extensions ['colcon_pkg']
[0.283s] Level 1:colcon.colcon_core.package_identification:_identify(src/delivery_interfaces) by extension 'colcon_pkg'
[0.283s] Level 1:colcon.colcon_core.package_identification:_identify(src/delivery_interfaces) by extensions ['colcon_meta']
[0.283s] Level 1:colcon.colcon_core.package_identification:_identify(src/delivery_interfaces) by extension 'colcon_meta'
[0.283s] Level 1:colcon.colcon_core.package_identification:_identify(src/delivery_interfaces) by extensions ['ros']
[0.283s] Level 1:colcon.colcon_core.package_identification:_identify(src/delivery_interfaces) by extension 'ros'
[0.284s] DEBUG:colcon.colcon_core.package_identification:Package 'src/delivery_interfaces' with type 'ros.ament_cmake' and name 'delivery_interfaces'
[0.284s] Level 1:colcon.colcon_core.package_identification:_identify(src/robot_interfaces) by extensions ['ignore', 'ignore_ament_install']
[0.284s] Level 1:colcon.colcon_core.package_identification:_identify(src/robot_interfaces) by extension 'ignore'
[0.284s] Level 1:colcon.colcon_core.package_identification:_identify(src/robot_interfaces) by extension 'ignore_ament_install'
[0.284s] Level 1:colcon.colcon_core.package_identification:_identify(src/robot_interfaces) by extensions ['colcon_pkg']
[0.284s] Level 1:colcon.colcon_core.package_identification:_identify(src/robot_interfaces) by extension 'colcon_pkg'
[0.284s] Level 1:colcon.colcon_core.package_identification:_identify(src/robot_interfaces) by extensions ['colcon_meta']
[0.284s] Level 1:colcon.colcon_core.package_identification:_identify(src/robot_interfaces) by extension 'colcon_meta'
[0.284s] Level 1:colcon.colcon_core.package_identification:_identify(src/robot_interfaces) by extensions ['ros']
[0.284s] Level 1:colcon.colcon_core.package_identification:_identify(src/robot_interfaces) by extension 'ros'
[0.285s] DEBUG:colcon.colcon_core.package_identification:Package 'src/robot_interfaces' with type 'ros.ament_cmake' and name 'robot_interfaces'
[0.285s] Level 1:colcon.colcon_core.package_discovery:discover_packages(recursive) using defaults
[0.285s] Level 1:colcon.colcon_core.package_discovery:discover_packages(ignore) discover
[0.285s] Level 1:colcon.colcon_core.package_discovery:discover_packages(ignore) using defaults
[0.285s] Level 1:colcon.colcon_core.package_discovery:discover_packages(path) discover
[0.285s] Level 1:colcon.colcon_core.package_discovery:discover_packages(path) using defaults
[0.304s] INFO:colcon.colcon_core.package_selection:Skipping not selected package 'command_nodes' in 'src/command_nodes'
[0.305s] INFO:colcon.colcon_core.package_selection:Skipping not selected package 'delivery_interfaces' in 'src/delivery_interfaces'
[0.305s] Level 1:colcon.colcon_core.package_discovery:discover_packages(prefix_path) check parameters
[0.305s] Level 1:colcon.colcon_core.package_discovery:discover_packages(prefix_path) discover
[0.307s] DEBUG:colcon.colcon_installed_package_information.package_discovery:Found 182 installed packages in /opt/ros/humble
[0.308s] Level 1:colcon.colcon_core.package_discovery:discover_packages(prefix_path) using defaults
[0.330s] Level 5:colcon.colcon_core.verb:set package 'robot_interfaces' build argument 'cmake_args' from command line to 'None'
[0.330s] Level 5:colcon.colcon_core.verb:set package 'robot_interfaces' build argument 'cmake_target' from command line to 'None'
[0.330s] Level 5:colcon.colcon_core.verb:set package 'robot_interfaces' build argument 'cmake_target_skip_unavailable' from command line to 'False'
[0.330s] Level 5:colcon.colcon_core.verb:set package 'robot_interfaces' build argument 'cmake_clean_cache' from command line to 'False'
[0.330s] Level 5:colcon.colcon_core.verb:set package 'robot_interfaces' build argument 'cmake_clean_first' from command line to 'False'
[0.330s] Level 5:colcon.colcon_core.verb:set package 'robot_interfaces' build argument 'cmake_force_configure' from command line to 'False'
[0.330s] Level 5:colcon.colcon_core.verb:set package 'robot_interfaces' build argument 'ament_cmake_args' from command line to 'None'
[0.330s] Level 5:colcon.colcon_core.verb:set package 'robot_interfaces' build argument 'catkin_cmake_args' from command line to 'None'
[0.330s] Level 5:colcon.colcon_core.verb:set package 'robot_interfaces' build argument 'catkin_skip_building_tests' from command line to 'False'
[0.330s] DEBUG:colcon.colcon_core.verb:Building package 'robot_interfaces' with the following arguments: {'ament_cmake_args': None, 'build_base': '/root/Autonomous-Delivery-Robot-ROS2/build/robot_interfaces', 'catkin_cmake_args': None, 'catkin_skip_building_tests': False, 'cmake_args': None, 'cmake_clean_cache': False, 'cmake_clean_first': False, 'cmake_force_configure': False, 'cmake_target': None, 'cmake_target_skip_unavailable': False, 'install_base': '/root/Autonomous-Delivery-Robot-ROS2/install/robot_interfaces', 'merge_install': False, 'path': '/root/Autonomous-Delivery-Robot-ROS2/src/robot_interfaces', 'symlink_install': False, 'test_result_base': None}
[0.330s] INFO:colcon.colcon_core.executor:Executing jobs using 'parallel' executor
[0.331s] DEBUG:colcon.colcon_parallel_executor.executor.parallel:run_until_complete
[0.331s] INFO:colcon.colcon_ros.task.ament_cmake.build:Building ROS package in '/root/Autonomous-Delivery-Robot-ROS2/src/robot_interfaces' with build type 'ament_cmake'
[0.332s] INFO:colcon.colcon_cmake.task.cmake.build:Building CMake package in '/root/Autonomous-Delivery-Robot-ROS2/src/robot_interfaces'
[0.333s] INFO:colcon.colcon_core.plugin_system:Skipping extension 'colcon_core.shell.bat': Not used on non-Windows systems
[0.334s] INFO:colcon.colcon_core.shell:Skip shell extension 'powershell' for command environment: Not usable outside of PowerShell
[0.334s] DEBUG:colcon.colcon_core.shell:Skip shell extension 'dsv' for command environment
[0.341s] DEBUG:colcon.colcon_core.event_handler.log_command:Invoking command in '/root/Autonomous-Delivery-Robot-ROS2/build/robot_interfaces': CMAKE_PREFIX_PATH=/opt/ros/humble /usr/bin/cmake /root/Autonomous-Delivery-Robot-ROS2/src/robot_interfaces -DCMAKE_INSTALL_PREFIX=/root/Autonomous-Delivery-Robot-ROS2/install/robot_interfaces
[1.224s] DEBUG:colcon.colcon_core.event_handler.log_command:Invoked command in '/root/Autonomous-Delivery-Robot-ROS2/build/robot_interfaces' returned '0': CMAKE_PREFIX_PATH=/opt/ros/humble /usr/bin/cmake /root/Autonomous-Delivery-Robot-ROS2/src/robot_interfaces -DCMAKE_INSTALL_PREFIX=/root/Autonomous-Delivery-Robot-ROS2/install/robot_interfaces
[1.226s] DEBUG:colcon.colcon_core.event_handler.log_command:Invoking command in '/root/Autonomous-Delivery-Robot-ROS2/build/robot_interfaces': CMAKE_PREFIX_PATH=/opt/ros/humble /usr/bin/cmake --build /root/Autonomous-Delivery-Robot-ROS2/build/robot_interfaces -- -j12 -l12
[4.023s] DEBUG:colcon.colcon_core.event_handler.log_command:Invoked command in '/root/Autonomous-Delivery-Robot-ROS2/build/robot_interfaces' returned '0': CMAKE_PREFIX_PATH=/opt/ros/humble /usr/bin/cmake --build /root/Autonomous-Delivery-Robot-ROS2/build/robot_interfaces -- -j12 -l12
[4.033s] DEBUG:colcon.colcon_core.event_handler.log_command:Invoking command in '/root/Autonomous-Delivery-Robot-ROS2/build/robot_interfaces': CMAKE_PREFIX_PATH=/opt/ros/humble /usr/bin/cmake --install /root/Autonomous-Delivery-Robot-ROS2/build/robot_interfaces
[4.128s] Level 1:colcon.colcon_core.environment:create_environment_scripts_only(robot_interfaces)
[4.128s] DEBUG:colcon.colcon_core.event_handler.log_command:Invoked command in '/root/Autonomous-Delivery-Robot-ROS2/build/robot_interfaces' returned '0': CMAKE_PREFIX_PATH=/opt/ros/humble /usr/bin/cmake --install /root/Autonomous-Delivery-Robot-ROS2/build/robot_interfaces
[4.130s] Level 1:colcon.colcon_core.environment:checking '/root/Autonomous-Delivery-Robot-ROS2/install/robot_interfaces' for CMake module files
[4.131s] Level 1:colcon.colcon_core.environment:checking '/root/Autonomous-Delivery-Robot-ROS2/install/robot_interfaces' for CMake config files
[4.131s] Level 1:colcon.colcon_core.shell:create_environment_hook('robot_interfaces', 'cmake_prefix_path')
[4.131s] INFO:colcon.colcon_core.shell:Creating environment hook '/root/Autonomous-Delivery-Robot-ROS2/install/robot_interfaces/share/robot_interfaces/hook/cmake_prefix_path.ps1'
[4.132s] INFO:colcon.colcon_core.shell:Creating environment descriptor '/root/Autonomous-Delivery-Robot-ROS2/install/robot_interfaces/share/robot_interfaces/hook/cmake_prefix_path.dsv'
[4.132s] INFO:colcon.colcon_core.shell:Creating environment hook '/root/Autonomous-Delivery-Robot-ROS2/install/robot_interfaces/share/robot_interfaces/hook/cmake_prefix_path.sh'
[4.133s] Level 1:colcon.colcon_core.environment:checking '/root/Autonomous-Delivery-Robot-ROS2/install/robot_interfaces/lib'
[4.133s] Level 1:colcon.colcon_core.shell:create_environment_hook('robot_interfaces', 'ld_library_path_lib')
[4.133s] INFO:colcon.colcon_core.shell:Creating environment hook '/root/Autonomous-Delivery-Robot-ROS2/install/robot_interfaces/share/robot_interfaces/hook/ld_library_path_lib.ps1'
[4.134s] INFO:colcon.colcon_core.shell:Creating environment descriptor '/root/Autonomous-Delivery-Robot-ROS2/install/robot_interfaces/share/robot_interfaces/hook/ld_library_path_lib.dsv'
[4.134s] INFO:colcon.colcon_core.shell:Creating environment hook '/root/Autonomous-Delivery-Robot-ROS2/install/robot_interfaces/share/robot_interfaces/hook/ld_library_path_lib.sh'
[4.134s] Level 1:colcon.colcon_core.environment:checking '/root/Autonomous-Delivery-Robot-ROS2/install/robot_interfaces/bin'
[4.134s] Level 1:colcon.colcon_core.environment:checking '/root/Autonomous-Delivery-Robot-ROS2/install/robot_interfaces/lib/pkgconfig/robot_interfaces.pc'
[4.134s] Level 1:colcon.colcon_core.environment:checking '/root/Autonomous-Delivery-Robot-ROS2/install/robot_interfaces/lib/python3.10/site-packages'
[4.135s] Level 1:colcon.colcon_core.environment:checking '/root/Autonomous-Delivery-Robot-ROS2/install/robot_interfaces/bin'
[4.135s] INFO:colcon.colcon_core.shell:Creating package script '/root/Autonomous-Delivery-Robot-ROS2/install/robot_interfaces/share/robot_interfaces/package.ps1'
[4.135s] INFO:colcon.colcon_core.shell:Creating package descriptor '/root/Autonomous-Delivery-Robot-ROS2/install/robot_interfaces/share/robot_interfaces/package.dsv'
[4.136s] INFO:colcon.colcon_core.shell:Creating package script '/root/Autonomous-Delivery-Robot-ROS2/install/robot_interfaces/share/robot_interfaces/package.sh'
[4.136s] INFO:colcon.colcon_core.shell:Creating package script '/root/Autonomous-Delivery-Robot-ROS2/install/robot_interfaces/share/robot_interfaces/package.bash'
[4.137s] INFO:colcon.colcon_core.shell:Creating package script '/root/Autonomous-Delivery-Robot-ROS2/install/robot_interfaces/share/robot_interfaces/package.zsh'
[4.137s] Level 1:colcon.colcon_core.environment:create_file_with_runtime_dependencies(/root/Autonomous-Delivery-Robot-ROS2/install/robot_interfaces/share/colcon-core/packages/robot_interfaces)
[4.138s] Level 1:colcon.colcon_core.environment:create_environment_scripts_only(robot_interfaces)
[4.138s] Level 1:colcon.colcon_core.environment:checking '/root/Autonomous-Delivery-Robot-ROS2/install/robot_interfaces' for CMake module files
[4.139s] Level 1:colcon.colcon_core.environment:checking '/root/Autonomous-Delivery-Robot-ROS2/install/robot_interfaces' for CMake config files
[4.139s] Level 1:colcon.colcon_core.shell:create_environment_hook('robot_interfaces', 'cmake_prefix_path')
[4.139s] INFO:colcon.colcon_core.shell:Creating environment hook '/root/Autonomous-Delivery-Robot-ROS2/install/robot_interfaces/share/robot_interfaces/hook/cmake_prefix_path.ps1'
[4.140s] INFO:colcon.colcon_core.shell:Creating environment descriptor '/root/Autonomous-Delivery-Robot-ROS2/install/robot_interfaces/share/robot_interfaces/hook/cmake_prefix_path.dsv'
[4.140s] INFO:colcon.colcon_core.shell:Creating environment hook '/root/Autonomous-Delivery-Robot-ROS2/install/robot_interfaces/share/robot_interfaces/hook/cmake_prefix_path.sh'
[4.140s] Level 1:colcon.colcon_core.environment:checking '/root/Autonomous-Delivery-Robot-ROS2/install/robot_interfaces/lib'
[4.140s] Level 1:colcon.colcon_core.shell:create_environment_hook('robot_interfaces', 'ld_library_path_lib')
[4.141s] INFO:colcon.colcon_core.shell:Creating environment hook '/root/Autonomous-Delivery-Robot-ROS2/install/robot_interfaces/share/robot_interfaces/hook/ld_library_path_lib.ps1'
[4.141s] INFO:colcon.colcon_core.shell:Creating environment descriptor '/root/Autonomous-Delivery-Robot-ROS2/install/robot_interfaces/share/robot_interfaces/hook/ld_library_path_lib.dsv'
[4.141s] INFO:colcon.colcon_core.shell:Creating environment hook '/root/Autonomous-Delivery-Robot-ROS2/install/robot_interfaces/share/robot_interfaces/hook/ld_library_path_lib.sh'
[4.142s] Level 1:colcon.colcon_core.environment:checking '/root/Autonomous-Delivery-Robot-ROS2/install/robot_interfaces/bin'
[4.142s] Level 1:colcon.colcon_core.environment:checking '/root/Autonomous-Delivery-Robot-ROS2/install/robot_interfaces/lib/pkgconfig/robot_interfaces.pc'
[4.142s] Level 1:colcon.colcon_core.environment:checking '/root/Autonomous-Delivery-Robot-ROS2/install/robot_interfaces/lib/python3.10/site-packages'
[4.142s] Level 1:colcon.colcon_core.environment:checking '/root/Autonomous-Delivery-Robot-ROS2/install/robot_interfaces/bin'
[4.143s] INFO:colcon.colcon_core.shell:Creating package script '/root/Autonomous-Delivery-Robot-ROS2/install/robot_interfaces/share/robot_interfaces/package.ps1'
[4.143s] INFO:colcon.colcon_core.shell:Creating package descriptor '/root/Autonomous-Delivery-Robot-ROS2/install/robot_interfaces/share/robot_interfaces/package.dsv'
[4.144s] INFO:colcon.colcon_core.shell:Creating package script '/root/Autonomous-Delivery-Robot-ROS2/install/robot_interfaces/share/robot_interfaces/package.sh'
[4.144s] INFO:colcon.colcon_core.shell:Creating package script '/root/Autonomous-Delivery-Robot-ROS2/install/robot_interfaces/share/robot_interfaces/package.bash'
[4.144s] INFO:colcon.colcon_core.shell:Creating package script '/root/Autonomous-Delivery-Robot-ROS2/install/robot_interfaces/share/robot_interfaces/package.zsh'
[4.145s] Level 1:colcon.colcon_core.environment:create_file_with_runtime_dependencies(/root/Autonomous-Delivery-Robot-ROS2/install/robot_interfaces/share/colcon-core/packages/robot_interfaces)
[4.145s] DEBUG:colcon.colcon_parallel_executor.executor.parallel:closing loop
[4.145s] DEBUG:colcon.colcon_parallel_executor.executor.parallel:loop closed
[4.145s] DEBUG:colcon.colcon_parallel_executor.executor.parallel:run_until_complete finished with '0'
[4.145s] DEBUG:colcon.colcon_core.event_reactor:joining thread
[4.158s] INFO:colcon.colcon_core.plugin_system:Skipping extension 'colcon_notification.desktop_notification.notify_send': Could not find 'notify-send'
[4.158s] INFO:colcon.colcon_core.plugin_system:Skipping extension 'colcon_notification.desktop_notification.terminal_notifier': Not used on non-Darwin systems
[4.158s] INFO:colcon.colcon_core.plugin_system:Skipping extension 'colcon_notification.desktop_notification.win32': Not used on non-Windows systems
[4.158s] INFO:colcon.colcon_notification.desktop_notification:Sending desktop notification using 'notify2'
[4.158s] DEBUG:colcon.colcon_notification.desktop_notification.notify2:Failed to initialize notify2: org.freedesktop.DBus.Error.NotSupported: Unable to autolaunch a dbus-daemon without a $DISPLAY for X11
[4.158s] DEBUG:colcon.colcon_core.event_reactor:joined thread
[4.159s] INFO:colcon.colcon_core.shell:Creating prefix script '/root/Autonomous-Delivery-Robot-ROS2/install/local_setup.ps1'
[4.159s] INFO:colcon.colcon_core.shell:Creating prefix util module '/root/Autonomous-Delivery-Robot-ROS2/install/_local_setup_util_ps1.py'
[4.161s] INFO:colcon.colcon_core.shell:Creating prefix chain script '/root/Autonomous-Delivery-Robot-ROS2/install/setup.ps1'
[4.161s] INFO:colcon.colcon_core.shell:Creating prefix script '/root/Autonomous-Delivery-Robot-ROS2/install/local_setup.sh'
[4.162s] INFO:colcon.colcon_core.shell:Creating prefix util module '/root/Autonomous-Delivery-Robot-ROS2/install/_local_setup_util_sh.py'
[4.163s] INFO:colcon.colcon_core.shell:Creating prefix chain script '/root/Autonomous-Delivery-Robot-ROS2/install/setup.sh'
[4.163s] INFO:colcon.colcon_core.shell:Creating prefix script '/root/Autonomous-Delivery-Robot-ROS2/install/local_setup.bash'
[4.164s] INFO:colcon.colcon_core.shell:Creating prefix chain script '/root/Autonomous-Delivery-Robot-ROS2/install/setup.bash'
[4.165s] INFO:colcon.colcon_core.shell:Creating prefix script '/root/Autonomous-Delivery-Robot-ROS2/install/local_setup.zsh'
[4.165s] INFO:colcon.colcon_core.shell:Creating prefix chain script '/root/Autonomous-Delivery-Robot-ROS2/install/setup.zsh'
