[0.010s] Invoking command in '/root/Autonomous-Delivery-Robot-ROS2/build/delivery_interfaces': CMAKE_PREFIX_PATH=/opt/ros/humble /usr/bin/cmake /root/Autonomous-Delivery-Robot-ROS2/src/delivery_interfaces -DCMAKE_INSTALL_PREFIX=/root/Autonomous-Delivery-Robot-ROS2/install/delivery_interfaces
[0.104s] -- The C compiler identification is GNU 11.4.0
[0.174s] -- The CXX compiler identification is unknown
[0.179s] -- Detecting C compiler ABI info
[0.244s] -- Detecting C compiler ABI info - done
[0.250s] -- Check for working C compiler: /usr/bin/cc - skipped
[0.250s] -- Detecting C compile features
[0.251s] -- Detecting C compile features - done
[0.251s] [31mCMake Error at CMakeLists.txt:2 (project):
[0.251s]   No CMAKE_CXX_COMPILER could be found.
[0.251s] 
[0.252s]   Tell CMake where to find the compiler by setting either the environment
[0.252s]   variable "CXX" or the CMake cache entry CMAKE_CXX_COMPILER to the full path
[0.252s]   to the compiler, or to the compiler name if it is in the PATH.
[0.252s] 
[0.252s] [0m
[0.253s] -- Configuring incomplete, errors occurred!
[0.253s] See also "/root/Autonomous-Delivery-Robot-ROS2/build/delivery_interfaces/CMakeFiles/CMakeOutput.log".
[0.253s] See also "/root/Autonomous-Delivery-Robot-ROS2/build/delivery_interfaces/CMakeFiles/CMakeError.log".
[0.259s] Invoked command in '/root/Autonomous-Delivery-Robot-ROS2/build/delivery_interfaces' returned '1': CMAKE_PREFIX_PATH=/opt/ros/humble /usr/bin/cmake /root/Autonomous-Delivery-Robot-ROS2/src/delivery_interfaces -DCMAKE_INSTALL_PREFIX=/root/Autonomous-Delivery-Robot-ROS2/install/delivery_interfaces
